running egg_info
creating ../../build/my_pick_and_place_pkg/my_pick_and_place_pkg.egg-info
writing ../../build/my_pick_and_place_pkg/my_pick_and_place_pkg.egg-info/PKG-INFO
writing dependency_links to ../../build/my_pick_and_place_pkg/my_pick_and_place_pkg.egg-info/dependency_links.txt
writing entry points to ../../build/my_pick_and_place_pkg/my_pick_and_place_pkg.egg-info/entry_points.txt
writing requirements to ../../build/my_pick_and_place_pkg/my_pick_and_place_pkg.egg-info/requires.txt
writing top-level names to ../../build/my_pick_and_place_pkg/my_pick_and_place_pkg.egg-info/top_level.txt
writing manifest file '../../build/my_pick_and_place_pkg/my_pick_and_place_pkg.egg-info/SOURCES.txt'
reading manifest file '../../build/my_pick_and_place_pkg/my_pick_and_place_pkg.egg-info/SOURCES.txt'
writing manifest file '../../build/my_pick_and_place_pkg/my_pick_and_place_pkg.egg-info/SOURCES.txt'
running build
running build_py
creating /home/bin1225/ur_ws/build/my_pick_and_place_pkg/build
creating /home/bin1225/ur_ws/build/my_pick_and_place_pkg/build/lib
creating /home/bin1225/ur_ws/build/my_pick_and_place_pkg/build/lib/my_pick_and_place_pkg
copying my_pick_and_place_pkg/pick_and_place.py -> /home/bin1225/ur_ws/build/my_pick_and_place_pkg/build/lib/my_pick_and_place_pkg
copying my_pick_and_place_pkg/__init__.py -> /home/bin1225/ur_ws/build/my_pick_and_place_pkg/build/lib/my_pick_and_place_pkg
running install
running install_lib
creating /home/bin1225/ur_ws/install/my_pick_and_place_pkg/lib/python3.10/site-packages/my_pick_and_place_pkg
copying /home/bin1225/ur_ws/build/my_pick_and_place_pkg/build/lib/my_pick_and_place_pkg/pick_and_place.py -> /home/bin1225/ur_ws/install/my_pick_and_place_pkg/lib/python3.10/site-packages/my_pick_and_place_pkg
copying /home/bin1225/ur_ws/build/my_pick_and_place_pkg/build/lib/my_pick_and_place_pkg/__init__.py -> /home/bin1225/ur_ws/install/my_pick_and_place_pkg/lib/python3.10/site-packages/my_pick_and_place_pkg
byte-compiling /home/bin1225/ur_ws/install/my_pick_and_place_pkg/lib/python3.10/site-packages/my_pick_and_place_pkg/pick_and_place.py to pick_and_place.cpython-310.pyc
byte-compiling /home/bin1225/ur_ws/install/my_pick_and_place_pkg/lib/python3.10/site-packages/my_pick_and_place_pkg/__init__.py to __init__.cpython-310.pyc
running install_data
creating /home/bin1225/ur_ws/install/my_pick_and_place_pkg/share/ament_index
creating /home/bin1225/ur_ws/install/my_pick_and_place_pkg/share/ament_index/resource_index
creating /home/bin1225/ur_ws/install/my_pick_and_place_pkg/share/ament_index/resource_index/packages
copying resource/my_pick_and_place_pkg -> /home/bin1225/ur_ws/install/my_pick_and_place_pkg/share/ament_index/resource_index/packages
copying package.xml -> /home/bin1225/ur_ws/install/my_pick_and_place_pkg/share/my_pick_and_place_pkg
running install_egg_info
Copying ../../build/my_pick_and_place_pkg/my_pick_and_place_pkg.egg-info to /home/bin1225/ur_ws/install/my_pick_and_place_pkg/lib/python3.10/site-packages/my_pick_and_place_pkg-0.0.0-py3.10.egg-info
running install_scripts
Installing pick_and_place script to /home/bin1225/ur_ws/install/my_pick_and_place_pkg/lib/my_pick_and_place_pkg
writing list of installed files to '/home/bin1225/ur_ws/build/my_pick_and_place_pkg/install.log'
