[0.710s] Invoking command in '/home/bin1225/ur_ws/src/my_pick_and_place_pkg': PYTHONPATH=/home/bin1225/ur_ws/build/my_pick_and_place_pkg/prefix_override:/usr/lib/python3/dist-packages/colcon_core/task/python/colcon_distutils_commands:/home/bin1225/ur_ws/install/my_pick_and_place_pkg/lib/python3.10/site-packages:${PYTHONPATH} /usr/bin/python3 -W ignore:setup.py install is deprecated -W ignore:easy_install command is deprecated setup.py egg_info --egg-base ../../build/my_pick_and_place_pkg build --build-base /home/bin1225/ur_ws/build/my_pick_and_place_pkg/build install --record /home/bin1225/ur_ws/build/my_pick_and_place_pkg/install.log --single-version-externally-managed install_data
[0.957s] running egg_info
[0.957s] creating ../../build/my_pick_and_place_pkg/my_pick_and_place_pkg.egg-info
[0.958s] writing ../../build/my_pick_and_place_pkg/my_pick_and_place_pkg.egg-info/PKG-INFO
[0.959s] writing dependency_links to ../../build/my_pick_and_place_pkg/my_pick_and_place_pkg.egg-info/dependency_links.txt
[0.959s] writing entry points to ../../build/my_pick_and_place_pkg/my_pick_and_place_pkg.egg-info/entry_points.txt
[0.959s] writing requirements to ../../build/my_pick_and_place_pkg/my_pick_and_place_pkg.egg-info/requires.txt
[0.959s] writing top-level names to ../../build/my_pick_and_place_pkg/my_pick_and_place_pkg.egg-info/top_level.txt
[0.959s] writing manifest file '../../build/my_pick_and_place_pkg/my_pick_and_place_pkg.egg-info/SOURCES.txt'
[0.960s] reading manifest file '../../build/my_pick_and_place_pkg/my_pick_and_place_pkg.egg-info/SOURCES.txt'
[0.961s] writing manifest file '../../build/my_pick_and_place_pkg/my_pick_and_place_pkg.egg-info/SOURCES.txt'
[0.961s] running build
[0.961s] running build_py
[0.962s] creating /home/bin1225/ur_ws/build/my_pick_and_place_pkg/build
[0.962s] creating /home/bin1225/ur_ws/build/my_pick_and_place_pkg/build/lib
[0.962s] creating /home/bin1225/ur_ws/build/my_pick_and_place_pkg/build/lib/my_pick_and_place_pkg
[0.962s] copying my_pick_and_place_pkg/pick_and_place.py -> /home/bin1225/ur_ws/build/my_pick_and_place_pkg/build/lib/my_pick_and_place_pkg
[0.962s] copying my_pick_and_place_pkg/__init__.py -> /home/bin1225/ur_ws/build/my_pick_and_place_pkg/build/lib/my_pick_and_place_pkg
[0.963s] running install
[0.963s] running install_lib
[0.964s] creating /home/bin1225/ur_ws/install/my_pick_and_place_pkg/lib/python3.10/site-packages/my_pick_and_place_pkg
[0.964s] copying /home/bin1225/ur_ws/build/my_pick_and_place_pkg/build/lib/my_pick_and_place_pkg/pick_and_place.py -> /home/bin1225/ur_ws/install/my_pick_and_place_pkg/lib/python3.10/site-packages/my_pick_and_place_pkg
[0.964s] copying /home/bin1225/ur_ws/build/my_pick_and_place_pkg/build/lib/my_pick_and_place_pkg/__init__.py -> /home/bin1225/ur_ws/install/my_pick_and_place_pkg/lib/python3.10/site-packages/my_pick_and_place_pkg
[0.965s] byte-compiling /home/bin1225/ur_ws/install/my_pick_and_place_pkg/lib/python3.10/site-packages/my_pick_and_place_pkg/pick_and_place.py to pick_and_place.cpython-310.pyc
[0.966s] byte-compiling /home/bin1225/ur_ws/install/my_pick_and_place_pkg/lib/python3.10/site-packages/my_pick_and_place_pkg/__init__.py to __init__.cpython-310.pyc
[0.966s] running install_data
[0.966s] creating /home/bin1225/ur_ws/install/my_pick_and_place_pkg/share/ament_index
[0.966s] creating /home/bin1225/ur_ws/install/my_pick_and_place_pkg/share/ament_index/resource_index
[0.966s] creating /home/bin1225/ur_ws/install/my_pick_and_place_pkg/share/ament_index/resource_index/packages
[0.966s] copying resource/my_pick_and_place_pkg -> /home/bin1225/ur_ws/install/my_pick_and_place_pkg/share/ament_index/resource_index/packages
[0.966s] copying package.xml -> /home/bin1225/ur_ws/install/my_pick_and_place_pkg/share/my_pick_and_place_pkg
[0.967s] running install_egg_info
[0.968s] Copying ../../build/my_pick_and_place_pkg/my_pick_and_place_pkg.egg-info to /home/bin1225/ur_ws/install/my_pick_and_place_pkg/lib/python3.10/site-packages/my_pick_and_place_pkg-0.0.0-py3.10.egg-info
[0.968s] running install_scripts
[0.988s] Installing pick_and_place script to /home/bin1225/ur_ws/install/my_pick_and_place_pkg/lib/my_pick_and_place_pkg
[0.989s] writing list of installed files to '/home/bin1225/ur_ws/build/my_pick_and_place_pkg/install.log'
[1.010s] Invoked command in '/home/bin1225/ur_ws/src/my_pick_and_place_pkg' returned '0': PYTHONPATH=/home/bin1225/ur_ws/build/my_pick_and_place_pkg/prefix_override:/usr/lib/python3/dist-packages/colcon_core/task/python/colcon_distutils_commands:/home/bin1225/ur_ws/install/my_pick_and_place_pkg/lib/python3.10/site-packages:${PYTHONPATH} /usr/bin/python3 -W ignore:setup.py install is deprecated -W ignore:easy_install command is deprecated setup.py egg_info --egg-base ../../build/my_pick_and_place_pkg build --build-base /home/bin1225/ur_ws/build/my_pick_and_place_pkg/build install --record /home/bin1225/ur_ws/build/my_pick_and_place_pkg/install.log --single-version-externally-managed install_data
