[0.019s] Invoking command in '/home/bin1225/ur_ws/build/my_pick_and_place_pkg': CMAKE_PREFIX_PATH=${CMAKE_PREFIX_PATH}:/opt/ros/humble /usr/bin/cmake /home/bin1225/ur_ws/src/my_pick_and_place_pkg -DCMAKE_INSTALL_PREFIX=/home/bin1225/ur_ws/install/my_pick_and_place_pkg
[0.248s] -- The C compiler identification is GNU 11.4.0
[0.814s] -- The CXX compiler identification is GNU 11.4.0
[1.277s] -- Detecting C compiler ABI info
[1.429s] -- Detecting C compiler ABI info - done
[1.436s] -- Check for working C compiler: /usr/bin/cc - skipped
[1.438s] -- Detecting C compile features
[1.438s] -- Detecting C compile features - done
[1.446s] -- Detecting CXX compiler ABI info
[1.594s] -- Detecting CXX compiler ABI info - done
[1.602s] -- Check for working CXX compiler: /usr/bin/c++ - skipped
[1.603s] -- Detecting CXX compile features
[1.603s] -- Detecting CXX compile features - done
[1.627s] -- Found ament_cmake: 1.3.11 (/opt/ros/humble/share/ament_cmake/cmake)
[1.807s] -- Found Python3: /usr/bin/python3 (found version "3.10.12") found components: Interpreter 
[1.966s] -- Found gazebo_ros: 3.9.0 (/opt/ros/humble/share/gazebo_ros/cmake)
[2.365s] -- Found rosidl_generator_c: 3.1.6 (/opt/ros/humble/share/rosidl_generator_c/cmake)
[2.377s] -- Found rosidl_adapter: 3.1.6 (/opt/ros/humble/share/rosidl_adapter/cmake)
[2.395s] -- Found rosidl_generator_cpp: 3.1.6 (/opt/ros/humble/share/rosidl_generator_cpp/cmake)
[2.425s] -- Using all available rosidl_typesupport_c: rosidl_typesupport_fastrtps_c;rosidl_typesupport_introspection_c
[2.463s] -- Using all available rosidl_typesupport_cpp: rosidl_typesupport_fastrtps_cpp;rosidl_typesupport_introspection_cpp
[2.566s] -- Found rmw_implementation_cmake: 6.1.2 (/opt/ros/humble/share/rmw_implementation_cmake/cmake)
[2.575s] -- Found rmw_fastrtps_cpp: 6.2.7 (/opt/ros/humble/share/rmw_fastrtps_cpp/cmake)
[4.755s] -- Found OpenSSL: /usr/lib/x86_64-linux-gnu/libcrypto.so (found version "3.0.2")  
[6.637s] -- Found FastRTPS: /opt/ros/humble/include  
[9.541s] -- Using RMW implementation 'rmw_fastrtps_cpp' as default
[9.563s] -- Looking for pthread.h
[9.779s] -- Looking for pthread.h - found
[9.780s] -- Performing Test CMAKE_HAVE_LIBC_PTHREAD
[9.965s] -- Performing Test CMAKE_HAVE_LIBC_PTHREAD - Success
[9.966s] -- Found Threads: TRUE  
[10.121s] -- Found PkgConfig: /usr/bin/pkg-config (found version "0.29.2") 
[10.123s] -- Checking for module 'bullet>=2.82'
[10.135s] --   Found bullet, version 3.05
[10.325s] -- Found fcl: /usr/include (found suitable version "0.7.0", minimum required is "0.5.0") 
[10.383s] -- Found assimp: /usr/include (found version "5.2.0") 
[10.416s] -- Found DART: /usr/include (Required is at least version "6.6") found components: dart 
[10.461s] -- Found Boost: /usr/lib/x86_64-linux-gnu/cmake/Boost-1.74.0/BoostConfig.cmake (found suitable version "1.74.0", minimum required is "1.40.0") found components: thread system filesystem program_options regex iostreams date_time 
[10.908s] -- Found Protobuf: /usr/lib/x86_64-linux-gnu/libprotobuf.so (found version "3.12.4") 
[10.916s] -- Looking for ignition-math6 -- found version 6.15.1
[10.931s] -- Searching for dependencies of ignition-math6
[10.935s] -- Looking for OGRE...
[10.936s] -- OGRE_PREFIX_WATCH changed.
[10.942s] -- Checking for module 'OGRE'
[10.956s] --   Found OGRE, version 1.9.0
[10.987s] -- Found Ogre Ghadamon (1.9.0)
[11.361s] -- Found OGRE: optimized;/usr/lib/x86_64-linux-gnu/libOgreMain.so;debug;/usr/lib/x86_64-linux-gnu/libOgreMain.so
[11.374s] -- Looking for OGRE_Paging...
[11.668s] -- Found OGRE_Paging: optimized;/usr/lib/x86_64-linux-gnu/libOgrePaging.so;debug;/usr/lib/x86_64-linux-gnu/libOgrePaging.so
[11.668s] -- Looking for OGRE_Terrain...
[12.017s] -- Found OGRE_Terrain: optimized;/usr/lib/x86_64-linux-gnu/libOgreTerrain.so;debug;/usr/lib/x86_64-linux-gnu/libOgreTerrain.so
[12.017s] -- Looking for OGRE_Property...
[12.395s] -- Found OGRE_Property: optimized;/usr/lib/x86_64-linux-gnu/libOgreProperty.so;debug;/usr/lib/x86_64-linux-gnu/libOgreProperty.so
[12.395s] -- Looking for OGRE_RTShaderSystem...
[12.678s] -- Found OGRE_RTShaderSystem: optimized;/usr/lib/x86_64-linux-gnu/libOgreRTShaderSystem.so;debug;/usr/lib/x86_64-linux-gnu/libOgreRTShaderSystem.so
[12.678s] -- Looking for OGRE_Volume...
[12.972s] -- Found OGRE_Volume: optimized;/usr/lib/x86_64-linux-gnu/libOgreVolume.so;debug;/usr/lib/x86_64-linux-gnu/libOgreVolume.so
[12.972s] -- Looking for OGRE_Overlay...
[13.287s] -- Found OGRE_Overlay: optimized;/usr/lib/x86_64-linux-gnu/libOgreOverlay.so;debug;/usr/lib/x86_64-linux-gnu/libOgreOverlay.so
[31.521s] -- Looking for ignition-math6 -- found version 6.15.1
[31.533s] -- Looking for ignition-transport8 -- found version 8.2.1
[31.534s] -- Searching for dependencies of ignition-transport8
[32.794s] -- Found Protobuf: /usr/lib/x86_64-linux-gnu/libprotobuf.so (found suitable version "3.12.4", minimum required is "3") 
[33.938s] -- Config-file not installed for ZeroMQ -- checking for pkg-config
[33.945s] -- Checking for module 'libzmq >= 4'
[33.962s] --   Found libzmq , version 4.3.4
[33.999s] -- Found ZeroMQ: TRUE (Required is at least version "4") 
[34.061s] -- Checking for module 'uuid'
[34.077s] --   Found uuid, version 2.37.2
[34.113s] -- Found UUID: TRUE  
[34.116s] -- Looking for ignition-msgs5 -- found version 5.8.1
[34.118s] -- Searching for dependencies of ignition-msgs5
[35.309s] -- Looking for ignition-math6 -- found version 6.15.1
[35.315s] -- Checking for module 'tinyxml2'
[35.326s] --   Found tinyxml2, version 9.0.0
[35.357s] -- Looking for ignition-msgs5 -- found version 5.8.1
[35.359s] -- Looking for ignition-common3 -- found version 3.14.0
[35.359s] -- Searching for dependencies of ignition-common3
[35.396s] -- Looking for dlfcn.h - found
[35.465s] -- Looking for libdl - found
[35.468s] -- Found DL: TRUE  
[35.579s] -- Found tinyobjloader: /usr/lib/x86_64-linux-gnu/cmake/tinyobjloader/tinyobjloader-config.cmake (found version "2.0.0") 
[35.581s] -- Searching for <ignition-common3> component [graphics]
[35.584s] -- Looking for ignition-common3-graphics -- found version 3.14.0
[35.585s] -- Searching for dependencies of ignition-common3-graphics
[35.585s] -- Looking for ignition-math6 -- found version 6.15.1
[35.591s] -- Looking for ignition-fuel_tools4 -- found version 4.4.0
[35.591s] -- Searching for dependencies of ignition-fuel_tools4
[37.063s] -- Found CURL: /usr/lib/x86_64-linux-gnu/libcurl.so (found version "7.81.0")  
[37.076s] -- Checking for module 'jsoncpp'
[37.087s] --   Found jsoncpp, version 1.9.5
[37.115s] -- Found JSONCPP: TRUE  
[37.122s] -- Checking for module 'libzip'
[37.135s] --   Found libzip, version 1.7.3
[37.166s] -- Found ZIP: TRUE  
[37.167s] -- Looking for ignition-common3 -- found version 3.14.0
[37.167s] -- Looking for ignition-math6 -- found version 6.15.1
[37.168s] -- Looking for ignition-msgs5 -- found version 5.8.1
[37.176s] -- Gazebo version: 11.10
[37.177s] -- Checking for module 'tbb'
[37.190s] --   Found tbb, version 2021.5.0
[37.220s] -- Found ament_lint_auto: 0.12.12 (/opt/ros/humble/share/ament_lint_auto/cmake)
[37.365s] -- Added test 'lint_cmake' to check CMake code style
[37.370s] -- Added test 'xmllint' to check XML markup files
[37.374s] -- Configuring done
[37.383s] -- Generating done
[37.387s] -- Build files have been written to: /home/bin1225/ur_ws/build/my_pick_and_place_pkg
[37.408s] Invoked command in '/home/bin1225/ur_ws/build/my_pick_and_place_pkg' returned '0': CMAKE_PREFIX_PATH=${CMAKE_PREFIX_PATH}:/opt/ros/humble /usr/bin/cmake /home/bin1225/ur_ws/src/my_pick_and_place_pkg -DCMAKE_INSTALL_PREFIX=/home/bin1225/ur_ws/install/my_pick_and_place_pkg
[37.409s] Invoking command in '/home/bin1225/ur_ws/build/my_pick_and_place_pkg': CMAKE_PREFIX_PATH=${CMAKE_PREFIX_PATH}:/opt/ros/humble /usr/bin/cmake --build /home/bin1225/ur_ws/build/my_pick_and_place_pkg -- -j22 -l22
[37.462s] Invoked command in '/home/bin1225/ur_ws/build/my_pick_and_place_pkg' returned '0': CMAKE_PREFIX_PATH=${CMAKE_PREFIX_PATH}:/opt/ros/humble /usr/bin/cmake --build /home/bin1225/ur_ws/build/my_pick_and_place_pkg -- -j22 -l22
[37.471s] Invoking command in '/home/bin1225/ur_ws/build/my_pick_and_place_pkg': CMAKE_PREFIX_PATH=${CMAKE_PREFIX_PATH}:/opt/ros/humble /usr/bin/cmake --install /home/bin1225/ur_ws/build/my_pick_and_place_pkg
[37.478s] -- Install configuration: ""
[37.478s] -- Installing: /home/bin1225/ur_ws/install/my_pick_and_place_pkg/share/my_pick_and_place_pkg/launch
[37.478s] -- Installing: /home/bin1225/ur_ws/install/my_pick_and_place_pkg/share/my_pick_and_place_pkg/worlds
[37.478s] -- Installing: /home/bin1225/ur_ws/install/my_pick_and_place_pkg/share/my_pick_and_place_pkg/worlds/pick_and_place_world.sdf
[37.479s] -- Installing: /home/bin1225/ur_ws/install/my_pick_and_place_pkg/share/my_pick_and_place_pkg/config
[37.479s] -- Installing: /home/bin1225/ur_ws/install/my_pick_and_place_pkg/share/my_pick_and_place_pkg/models
[37.479s] -- Installing: /home/bin1225/ur_ws/install/my_pick_and_place_pkg/share/ament_index/resource_index/package_run_dependencies/my_pick_and_place_pkg
[37.480s] -- Installing: /home/bin1225/ur_ws/install/my_pick_and_place_pkg/share/ament_index/resource_index/parent_prefix_path/my_pick_and_place_pkg
[37.480s] -- Installing: /home/bin1225/ur_ws/install/my_pick_and_place_pkg/share/my_pick_and_place_pkg/environment/ament_prefix_path.sh
[37.480s] -- Installing: /home/bin1225/ur_ws/install/my_pick_and_place_pkg/share/my_pick_and_place_pkg/environment/ament_prefix_path.dsv
[37.480s] -- Installing: /home/bin1225/ur_ws/install/my_pick_and_place_pkg/share/my_pick_and_place_pkg/environment/path.sh
[37.481s] -- Installing: /home/bin1225/ur_ws/install/my_pick_and_place_pkg/share/my_pick_and_place_pkg/environment/path.dsv
[37.481s] -- Installing: /home/bin1225/ur_ws/install/my_pick_and_place_pkg/share/my_pick_and_place_pkg/local_setup.bash
[37.481s] -- Installing: /home/bin1225/ur_ws/install/my_pick_and_place_pkg/share/my_pick_and_place_pkg/local_setup.sh
[37.481s] -- Installing: /home/bin1225/ur_ws/install/my_pick_and_place_pkg/share/my_pick_and_place_pkg/local_setup.zsh
[37.481s] -- Installing: /home/bin1225/ur_ws/install/my_pick_and_place_pkg/share/my_pick_and_place_pkg/local_setup.dsv
[37.481s] -- Installing: /home/bin1225/ur_ws/install/my_pick_and_place_pkg/share/my_pick_and_place_pkg/package.dsv
[37.482s] -- Installing: /home/bin1225/ur_ws/install/my_pick_and_place_pkg/share/ament_index/resource_index/packages/my_pick_and_place_pkg
[37.482s] -- Installing: /home/bin1225/ur_ws/install/my_pick_and_place_pkg/share/my_pick_and_place_pkg/cmake/my_pick_and_place_pkgConfig.cmake
[37.482s] -- Installing: /home/bin1225/ur_ws/install/my_pick_and_place_pkg/share/my_pick_and_place_pkg/cmake/my_pick_and_place_pkgConfig-version.cmake
[37.483s] -- Installing: /home/bin1225/ur_ws/install/my_pick_and_place_pkg/share/my_pick_and_place_pkg/package.xml
[37.485s] Invoked command in '/home/bin1225/ur_ws/build/my_pick_and_place_pkg' returned '0': CMAKE_PREFIX_PATH=${CMAKE_PREFIX_PATH}:/opt/ros/humble /usr/bin/cmake --install /home/bin1225/ur_ws/build/my_pick_and_place_pkg
