[0.007s] Invoking command in '/home/bin1225/ur_ws/build/robotiq_description': CMAKE_PREFIX_PATH=${CMAKE_PREFIX_PATH}:/opt/ros/humble /usr/bin/cmake /home/bin1225/ur_ws/src/ros2_robotiq_gripper/robotiq_description -DCMAKE_INSTALL_PREFIX=/home/bin1225/ur_ws/install/robotiq_description
[0.752s] -- The C compiler identification is GNU 11.4.0
[1.256s] -- The CXX compiler identification is GNU 11.4.0
[1.839s] -- Detecting C compiler ABI info
[2.094s] -- Detecting C compiler ABI info - done
[2.098s] -- Check for working C compiler: /usr/bin/cc - skipped
[2.099s] -- Detecting C compile features
[2.101s] -- Detecting C compile features - done
[2.105s] -- Detecting CXX compiler ABI info
[2.280s] -- Detecting CXX compiler ABI info - done
[2.283s] -- Check for working CXX compiler: /usr/bin/c++ - skipped
[2.283s] -- Detecting CXX compile features
[2.284s] -- Detecting CXX compile features - done
[2.298s] -- Found ament_cmake: 1.3.11 (/opt/ros/humble/share/ament_cmake/cmake)
[2.413s] -- Found Python3: /usr/bin/python3 (found version "3.10.12") found components: Interpreter 
[2.565s] -- Configuring done
[2.569s] -- Generating done
[2.574s] -- Build files have been written to: /home/bin1225/ur_ws/build/robotiq_description
[2.576s] Invoked command in '/home/bin1225/ur_ws/build/robotiq_description' returned '0': CMAKE_PREFIX_PATH=${CMAKE_PREFIX_PATH}:/opt/ros/humble /usr/bin/cmake /home/bin1225/ur_ws/src/ros2_robotiq_gripper/robotiq_description -DCMAKE_INSTALL_PREFIX=/home/bin1225/ur_ws/install/robotiq_description
[2.577s] Invoking command in '/home/bin1225/ur_ws/build/robotiq_description': CMAKE_PREFIX_PATH=${CMAKE_PREFIX_PATH}:/opt/ros/humble /usr/bin/cmake --build /home/bin1225/ur_ws/build/robotiq_description -- -j22 -l22
[2.599s] Invoked command in '/home/bin1225/ur_ws/build/robotiq_description' returned '0': CMAKE_PREFIX_PATH=${CMAKE_PREFIX_PATH}:/opt/ros/humble /usr/bin/cmake --build /home/bin1225/ur_ws/build/robotiq_description -- -j22 -l22
[2.606s] Invoking command in '/home/bin1225/ur_ws/build/robotiq_description': CMAKE_PREFIX_PATH=${CMAKE_PREFIX_PATH}:/opt/ros/humble /usr/bin/cmake --install /home/bin1225/ur_ws/build/robotiq_description
[2.609s] -- Install configuration: ""
[2.609s] -- Installing: /home/bin1225/ur_ws/install/robotiq_description/share/robotiq_description
[2.609s] -- Installing: /home/bin1225/ur_ws/install/robotiq_description/share/robotiq_description/robotiq_controllers.yaml
[2.610s] -- Up-to-date: /home/bin1225/ur_ws/install/robotiq_description/share/robotiq_description
[2.610s] -- Installing: /home/bin1225/ur_ws/install/robotiq_description/share/robotiq_description/robotiq_control.launch.py
[2.611s] -- Installing: /home/bin1225/ur_ws/install/robotiq_description/share/robotiq_description/view_gripper.launch.py
[2.611s] -- Up-to-date: /home/bin1225/ur_ws/install/robotiq_description/share/robotiq_description
[2.611s] -- Installing: /home/bin1225/ur_ws/install/robotiq_description/share/robotiq_description/visual
[2.611s] -- Installing: /home/bin1225/ur_ws/install/robotiq_description/share/robotiq_description/visual/2f_85
[2.611s] -- Installing: /home/bin1225/ur_ws/install/robotiq_description/share/robotiq_description/visual/2f_85/left_inner_knuckle.dae
[2.612s] -- Installing: /home/bin1225/ur_ws/install/robotiq_description/share/robotiq_description/visual/2f_85/left_knuckle.dae
[2.614s] -- Installing: /home/bin1225/ur_ws/install/robotiq_description/share/robotiq_description/visual/2f_85/right_finger_tip.dae
[2.617s] -- Installing: /home/bin1225/ur_ws/install/robotiq_description/share/robotiq_description/visual/2f_85/right_finger.dae
[2.620s] -- Installing: /home/bin1225/ur_ws/install/robotiq_description/share/robotiq_description/visual/2f_85/left_finger.dae
[2.623s] -- Installing: /home/bin1225/ur_ws/install/robotiq_description/share/robotiq_description/visual/2f_85/ur_to_robotiq_adapter.dae
[2.624s] -- Installing: /home/bin1225/ur_ws/install/robotiq_description/share/robotiq_description/visual/2f_85/left_finger_tip.dae
[2.625s] -- Installing: /home/bin1225/ur_ws/install/robotiq_description/share/robotiq_description/visual/2f_85/right_knuckle.dae
[2.626s] -- Installing: /home/bin1225/ur_ws/install/robotiq_description/share/robotiq_description/visual/2f_85/robotiq_base.dae
[2.631s] -- Installing: /home/bin1225/ur_ws/install/robotiq_description/share/robotiq_description/visual/2f_85/right_inner_knuckle.dae
[2.631s] -- Installing: /home/bin1225/ur_ws/install/robotiq_description/share/robotiq_description/visual/2f_140
[2.632s] -- Installing: /home/bin1225/ur_ws/install/robotiq_description/share/robotiq_description/visual/2f_140/robotiq_2f_140_inner_finger.stl
[2.632s] -- Installing: /home/bin1225/ur_ws/install/robotiq_description/share/robotiq_description/visual/2f_140/robotiq_2f_140_outer_finger.stl
[2.633s] -- Installing: /home/bin1225/ur_ws/install/robotiq_description/share/robotiq_description/visual/2f_140/robotiq_2f_140_coupling.stl
[2.634s] -- Installing: /home/bin1225/ur_ws/install/robotiq_description/share/robotiq_description/visual/2f_140/robotiq_2f_140_inner_knuckle.stl
[2.635s] -- Installing: /home/bin1225/ur_ws/install/robotiq_description/share/robotiq_description/visual/2f_140/robotiq_2f_140_base_link.stl
[2.638s] -- Installing: /home/bin1225/ur_ws/install/robotiq_description/share/robotiq_description/visual/2f_140/robotiq_2f_140_outer_knuckle.stl
[2.638s] -- Installing: /home/bin1225/ur_ws/install/robotiq_description/share/robotiq_description/collision
[2.638s] -- Installing: /home/bin1225/ur_ws/install/robotiq_description/share/robotiq_description/collision/2f_85
[2.639s] -- Installing: /home/bin1225/ur_ws/install/robotiq_description/share/robotiq_description/collision/2f_85/right_knuckle.stl
[2.639s] -- Installing: /home/bin1225/ur_ws/install/robotiq_description/share/robotiq_description/collision/2f_85/right_finger_tip.stl
[2.639s] -- Installing: /home/bin1225/ur_ws/install/robotiq_description/share/robotiq_description/collision/2f_85/left_inner_knuckle.stl
[2.640s] -- Installing: /home/bin1225/ur_ws/install/robotiq_description/share/robotiq_description/collision/2f_85/left_finger_tip.stl
[2.640s] -- Installing: /home/bin1225/ur_ws/install/robotiq_description/share/robotiq_description/collision/2f_85/robotiq_base.stl
[2.640s] -- Installing: /home/bin1225/ur_ws/install/robotiq_description/share/robotiq_description/collision/2f_85/right_finger.stl
[2.641s] -- Installing: /home/bin1225/ur_ws/install/robotiq_description/share/robotiq_description/collision/2f_85/ur_to_robotiq_adapter.stl
[2.641s] -- Installing: /home/bin1225/ur_ws/install/robotiq_description/share/robotiq_description/collision/2f_85/left_knuckle.stl
[2.641s] -- Installing: /home/bin1225/ur_ws/install/robotiq_description/share/robotiq_description/collision/2f_85/right_inner_knuckle.stl
[2.642s] -- Installing: /home/bin1225/ur_ws/install/robotiq_description/share/robotiq_description/collision/2f_85/left_finger.stl
[2.642s] -- Installing: /home/bin1225/ur_ws/install/robotiq_description/share/robotiq_description/collision/2f_140
[2.642s] -- Installing: /home/bin1225/ur_ws/install/robotiq_description/share/robotiq_description/collision/2f_140/robotiq_2f_140_inner_finger.stl
[2.642s] -- Installing: /home/bin1225/ur_ws/install/robotiq_description/share/robotiq_description/collision/2f_140/robotiq_2f_140_outer_finger.stl
[2.643s] -- Installing: /home/bin1225/ur_ws/install/robotiq_description/share/robotiq_description/collision/2f_140/robotiq_2f_140_coupling.stl
[2.643s] -- Installing: /home/bin1225/ur_ws/install/robotiq_description/share/robotiq_description/collision/2f_140/robotiq_2f_140_inner_knuckle.stl
[2.643s] -- Installing: /home/bin1225/ur_ws/install/robotiq_description/share/robotiq_description/collision/2f_140/robotiq_2f_140_base_link.stl
[2.644s] -- Installing: /home/bin1225/ur_ws/install/robotiq_description/share/robotiq_description/collision/2f_140/robotiq_2f_140_outer_knuckle.stl
[2.644s] -- Up-to-date: /home/bin1225/ur_ws/install/robotiq_description/share/robotiq_description
[2.644s] -- Installing: /home/bin1225/ur_ws/install/robotiq_description/share/robotiq_description/view_urdf.rviz
[2.645s] -- Up-to-date: /home/bin1225/ur_ws/install/robotiq_description/share/robotiq_description
[2.645s] -- Installing: /home/bin1225/ur_ws/install/robotiq_description/share/robotiq_description/2f_85.ros2_control.xacro
[2.645s] -- Installing: /home/bin1225/ur_ws/install/robotiq_description/share/robotiq_description/robotiq_2f_85_macro.urdf.xacro
[2.645s] -- Installing: /home/bin1225/ur_ws/install/robotiq_description/share/robotiq_description/robotiq_2f_140.xacro
[2.645s] -- Installing: /home/bin1225/ur_ws/install/robotiq_description/share/robotiq_description/robotiq_2f_140_macro.urdf.xacro
[2.646s] -- Installing: /home/bin1225/ur_ws/install/robotiq_description/share/robotiq_description/robotiq_2f_140_gripper.urdf.xacro
[2.646s] -- Installing: /home/bin1225/ur_ws/install/robotiq_description/share/robotiq_description/robotiq_2f_85_gripper.urdf.xacro
[2.646s] -- Installing: /home/bin1225/ur_ws/install/robotiq_description/share/robotiq_description/ur_to_robotiq_adapter.urdf.xacro
[2.646s] -- Installing: /home/bin1225/ur_ws/install/robotiq_description/share/robotiq_description/2f_140.ros2_control.xacro
[2.647s] -- Installing: /home/bin1225/ur_ws/install/robotiq_description/share/ament_index/resource_index/package_run_dependencies/robotiq_description
[2.647s] -- Installing: /home/bin1225/ur_ws/install/robotiq_description/share/ament_index/resource_index/parent_prefix_path/robotiq_description
[2.647s] -- Installing: /home/bin1225/ur_ws/install/robotiq_description/share/robotiq_description/environment/ament_prefix_path.sh
[2.647s] -- Installing: /home/bin1225/ur_ws/install/robotiq_description/share/robotiq_description/environment/ament_prefix_path.dsv
[2.647s] -- Installing: /home/bin1225/ur_ws/install/robotiq_description/share/robotiq_description/environment/path.sh
[2.647s] -- Installing: /home/bin1225/ur_ws/install/robotiq_description/share/robotiq_description/environment/path.dsv
[2.648s] -- Installing: /home/bin1225/ur_ws/install/robotiq_description/share/robotiq_description/local_setup.bash
[2.648s] -- Installing: /home/bin1225/ur_ws/install/robotiq_description/share/robotiq_description/local_setup.sh
[2.648s] -- Installing: /home/bin1225/ur_ws/install/robotiq_description/share/robotiq_description/local_setup.zsh
[2.648s] -- Installing: /home/bin1225/ur_ws/install/robotiq_description/share/robotiq_description/local_setup.dsv
[2.648s] -- Installing: /home/bin1225/ur_ws/install/robotiq_description/share/robotiq_description/package.dsv
[2.648s] -- Installing: /home/bin1225/ur_ws/install/robotiq_description/share/ament_index/resource_index/packages/robotiq_description
[2.648s] -- Installing: /home/bin1225/ur_ws/install/robotiq_description/share/robotiq_description/cmake/robotiq_descriptionConfig.cmake
[2.648s] -- Installing: /home/bin1225/ur_ws/install/robotiq_description/share/robotiq_description/cmake/robotiq_descriptionConfig-version.cmake
[2.648s] -- Installing: /home/bin1225/ur_ws/install/robotiq_description/share/robotiq_description/package.xml
[2.650s] Invoked command in '/home/bin1225/ur_ws/build/robotiq_description' returned '0': CMAKE_PREFIX_PATH=${CMAKE_PREFIX_PATH}:/opt/ros/humble /usr/bin/cmake --install /home/bin1225/ur_ws/build/robotiq_description
