[0.030s] Invoking command in '/home/bin1225/ur_ws/build/ur_simulation_gz': CMAKE_PREFIX_PATH=${CMAKE_PREFIX_PATH}:/opt/ros/humble /usr/bin/cmake --build /home/bin1225/ur_ws/build/ur_simulation_gz -- -j22 -l22
[0.131s] Invoked command in '/home/bin1225/ur_ws/build/ur_simulation_gz' returned '0': CMAKE_PREFIX_PATH=${CMAKE_PREFIX_PATH}:/opt/ros/humble /usr/bin/cmake --build /home/bin1225/ur_ws/build/ur_simulation_gz -- -j22 -l22
[0.145s] Invoking command in '/home/bin1225/ur_ws/build/ur_simulation_gz': CMAKE_PREFIX_PATH=${CMAKE_PREFIX_PATH}:/opt/ros/humble /usr/bin/cmake --install /home/bin1225/ur_ws/build/ur_simulation_gz
[0.153s] -- Install configuration: "Release"
[0.155s] -- Execute custom install script
[0.158s] -- Up-to-date symlink: /home/bin1225/ur_ws/install/ur_simulation_gz/share/ur_simulation_gz/config/ur_controllers.yaml
[0.161s] -- Up-to-date symlink: /home/bin1225/ur_ws/install/ur_simulation_gz/share/ur_simulation_gz/launch/ur_sim_control.launch.py
[0.162s] -- Up-to-date symlink: /home/bin1225/ur_ws/install/ur_simulation_gz/share/ur_simulation_gz/launch/ur_sim_moveit.launch.py
[0.164s] -- Up-to-date symlink: /home/bin1225/ur_ws/install/ur_simulation_gz/share/ament_index/resource_index/package_run_dependencies/ur_simulation_gz
[0.168s] -- Up-to-date symlink: /home/bin1225/ur_ws/install/ur_simulation_gz/share/ament_index/resource_index/parent_prefix_path/ur_simulation_gz
[0.169s] -- Up-to-date symlink: /home/bin1225/ur_ws/install/ur_simulation_gz/share/ur_simulation_gz/environment/ament_prefix_path.sh
[0.169s] -- Up-to-date symlink: /home/bin1225/ur_ws/install/ur_simulation_gz/share/ur_simulation_gz/environment/ament_prefix_path.dsv
[0.169s] -- Up-to-date symlink: /home/bin1225/ur_ws/install/ur_simulation_gz/share/ur_simulation_gz/environment/path.sh
[0.169s] -- Up-to-date symlink: /home/bin1225/ur_ws/install/ur_simulation_gz/share/ur_simulation_gz/environment/path.dsv
[0.170s] -- Up-to-date symlink: /home/bin1225/ur_ws/install/ur_simulation_gz/share/ur_simulation_gz/local_setup.bash
[0.170s] -- Up-to-date symlink: /home/bin1225/ur_ws/install/ur_simulation_gz/share/ur_simulation_gz/local_setup.sh
[0.170s] -- Up-to-date symlink: /home/bin1225/ur_ws/install/ur_simulation_gz/share/ur_simulation_gz/local_setup.zsh
[0.170s] -- Up-to-date symlink: /home/bin1225/ur_ws/install/ur_simulation_gz/share/ur_simulation_gz/local_setup.dsv
[0.170s] -- Symlinking: /home/bin1225/ur_ws/install/ur_simulation_gz/share/ur_simulation_gz/package.dsv
[0.176s] -- Up-to-date symlink: /home/bin1225/ur_ws/install/ur_simulation_gz/share/ament_index/resource_index/packages/ur_simulation_gz
[0.177s] -- Up-to-date symlink: /home/bin1225/ur_ws/install/ur_simulation_gz/share/ur_simulation_gz/cmake/ur_simulation_gzConfig.cmake
[0.178s] -- Up-to-date symlink: /home/bin1225/ur_ws/install/ur_simulation_gz/share/ur_simulation_gz/cmake/ur_simulation_gzConfig-version.cmake
[0.180s] -- Up-to-date symlink: /home/bin1225/ur_ws/install/ur_simulation_gz/share/ur_simulation_gz/package.xml
[0.205s] Invoked command in '/home/bin1225/ur_ws/build/ur_simulation_gz' returned '0': CMAKE_PREFIX_PATH=${CMAKE_PREFIX_PATH}:/opt/ros/humble /usr/bin/cmake --install /home/bin1225/ur_ws/build/ur_simulation_gz
