[0.041s] Invoking command in '/home/bin1225/ur_ws/build/my_pick_and_place_pkg': CMAKE_PREFIX_PATH=${CMAKE_PREFIX_PATH}:/opt/ros/humble /usr/bin/cmake --build /home/bin1225/ur_ws/build/my_pick_and_place_pkg -- -j22 -l22
[0.167s] Invoked command in '/home/bin1225/ur_ws/build/my_pick_and_place_pkg' returned '0': CMAKE_PREFIX_PATH=${CMAKE_PREFIX_PATH}:/opt/ros/humble /usr/bin/cmake --build /home/bin1225/ur_ws/build/my_pick_and_place_pkg -- -j22 -l22
[0.173s] Invoking command in '/home/bin1225/ur_ws/build/my_pick_and_place_pkg': CMAKE_PREFIX_PATH=${CMAKE_PREFIX_PATH}:/opt/ros/humble /usr/bin/cmake --install /home/bin1225/ur_ws/build/my_pick_and_place_pkg
[0.179s] -- Install configuration: ""
[0.179s] -- Up-to-date: /home/bin1225/ur_ws/install/my_pick_and_place_pkg/share/my_pick_and_place_pkg/launch
[0.179s] -- Installing: /home/bin1225/ur_ws/install/my_pick_and_place_pkg/share/my_pick_and_place_pkg/launch/ur5e_with_world.launch.py
[0.181s] -- Up-to-date: /home/bin1225/ur_ws/install/my_pick_and_place_pkg/share/my_pick_and_place_pkg/worlds
[0.182s] -- Up-to-date: /home/bin1225/ur_ws/install/my_pick_and_place_pkg/share/my_pick_and_place_pkg/worlds/pick_and_place_world.sdf
[0.182s] -- Up-to-date: /home/bin1225/ur_ws/install/my_pick_and_place_pkg/share/my_pick_and_place_pkg/config
[0.183s] -- Up-to-date: /home/bin1225/ur_ws/install/my_pick_and_place_pkg/share/my_pick_and_place_pkg/models
[0.184s] -- Up-to-date: /home/bin1225/ur_ws/install/my_pick_and_place_pkg/share/ament_index/resource_index/package_run_dependencies/my_pick_and_place_pkg
[0.185s] -- Up-to-date: /home/bin1225/ur_ws/install/my_pick_and_place_pkg/share/ament_index/resource_index/parent_prefix_path/my_pick_and_place_pkg
[0.185s] -- Up-to-date: /home/bin1225/ur_ws/install/my_pick_and_place_pkg/share/my_pick_and_place_pkg/environment/ament_prefix_path.sh
[0.186s] -- Up-to-date: /home/bin1225/ur_ws/install/my_pick_and_place_pkg/share/my_pick_and_place_pkg/environment/ament_prefix_path.dsv
[0.186s] -- Up-to-date: /home/bin1225/ur_ws/install/my_pick_and_place_pkg/share/my_pick_and_place_pkg/environment/path.sh
[0.187s] -- Up-to-date: /home/bin1225/ur_ws/install/my_pick_and_place_pkg/share/my_pick_and_place_pkg/environment/path.dsv
[0.187s] -- Up-to-date: /home/bin1225/ur_ws/install/my_pick_and_place_pkg/share/my_pick_and_place_pkg/local_setup.bash
[0.187s] -- Up-to-date: /home/bin1225/ur_ws/install/my_pick_and_place_pkg/share/my_pick_and_place_pkg/local_setup.sh
[0.188s] -- Up-to-date: /home/bin1225/ur_ws/install/my_pick_and_place_pkg/share/my_pick_and_place_pkg/local_setup.zsh
[0.188s] -- Up-to-date: /home/bin1225/ur_ws/install/my_pick_and_place_pkg/share/my_pick_and_place_pkg/local_setup.dsv
[0.189s] -- Installing: /home/bin1225/ur_ws/install/my_pick_and_place_pkg/share/my_pick_and_place_pkg/package.dsv
[0.191s] -- Up-to-date: /home/bin1225/ur_ws/install/my_pick_and_place_pkg/share/ament_index/resource_index/packages/my_pick_and_place_pkg
[0.191s] -- Up-to-date: /home/bin1225/ur_ws/install/my_pick_and_place_pkg/share/my_pick_and_place_pkg/cmake/my_pick_and_place_pkgConfig.cmake
[0.191s] -- Up-to-date: /home/bin1225/ur_ws/install/my_pick_and_place_pkg/share/my_pick_and_place_pkg/cmake/my_pick_and_place_pkgConfig-version.cmake
[0.191s] -- Up-to-date: /home/bin1225/ur_ws/install/my_pick_and_place_pkg/share/my_pick_and_place_pkg/package.xml
[0.192s] Invoked command in '/home/bin1225/ur_ws/build/my_pick_and_place_pkg' returned '0': CMAKE_PREFIX_PATH=${CMAKE_PREFIX_PATH}:/opt/ros/humble /usr/bin/cmake --install /home/bin1225/ur_ws/build/my_pick_and_place_pkg
