[0.025s] Invoking command in '/home/bin1225/ur_ws/build/ur_simulation_gz': CMAKE_PREFIX_PATH=${CMAKE_PREFIX_PATH}:/opt/ros/humble /usr/bin/cmake /home/bin1225/ur_ws/src/ur_simulation_gz/ur_simulation_gz -DAMENT_CMAKE_SYMLINK_INSTALL=1 -DCMAKE_INSTALL_PREFIX=/home/bin1225/ur_ws/install/ur_simulation_gz
[0.088s] -- Found ament_cmake: 1.3.11 (/opt/ros/humble/share/ament_cmake/cmake)
[0.276s] -- Override CMake install command with custom implementation using symlinks instead of copying resources
[0.308s] -- Found launch_testing_ament_cmake: 1.0.8 (/opt/ros/humble/share/launch_testing_ament_cmake/cmake)
[0.311s] -- Found python_cmake_module: 0.10.0 (/opt/ros/humble/share/python_cmake_module/cmake)
[0.340s] -- Using PYTHON_EXECUTABLE: /usr/bin/python3
[0.340s] -- Using PYTHON_INCLUDE_DIRS: /usr/include/python3.10
[0.340s] -- Using PYTHON_LIBRARIES: /usr/lib/x86_64-linux-gnu/libpython3.10.so
[0.342s] -- Found ament_cmake_pytest: 1.3.11 (/opt/ros/humble/share/ament_cmake_pytest/cmake)
[0.430s] -- Configuring done
[0.441s] -- Generating done
[0.443s] -- Build files have been written to: /home/bin1225/ur_ws/build/ur_simulation_gz
[0.453s] Invoked command in '/home/bin1225/ur_ws/build/ur_simulation_gz' returned '0': CMAKE_PREFIX_PATH=${CMAKE_PREFIX_PATH}:/opt/ros/humble /usr/bin/cmake /home/bin1225/ur_ws/src/ur_simulation_gz/ur_simulation_gz -DAMENT_CMAKE_SYMLINK_INSTALL=1 -DCMAKE_INSTALL_PREFIX=/home/bin1225/ur_ws/install/ur_simulation_gz
[0.453s] Invoking command in '/home/bin1225/ur_ws/build/ur_simulation_gz': CMAKE_PREFIX_PATH=${CMAKE_PREFIX_PATH}:/opt/ros/humble /usr/bin/cmake --build /home/bin1225/ur_ws/build/ur_simulation_gz -- -j22 -l22
[0.494s] Invoked command in '/home/bin1225/ur_ws/build/ur_simulation_gz' returned '0': CMAKE_PREFIX_PATH=${CMAKE_PREFIX_PATH}:/opt/ros/humble /usr/bin/cmake --build /home/bin1225/ur_ws/build/ur_simulation_gz -- -j22 -l22
[0.505s] Invoking command in '/home/bin1225/ur_ws/build/ur_simulation_gz': CMAKE_PREFIX_PATH=${CMAKE_PREFIX_PATH}:/opt/ros/humble /usr/bin/cmake --install /home/bin1225/ur_ws/build/ur_simulation_gz
[0.515s] -- Install configuration: "Release"
[0.515s] -- Execute custom install script
[0.516s] -- Up-to-date symlink: /home/bin1225/ur_ws/install/ur_simulation_gz/share/ur_simulation_gz/config/ur_controllers.yaml
[0.517s] -- Up-to-date symlink: /home/bin1225/ur_ws/install/ur_simulation_gz/share/ur_simulation_gz/launch/ur_sim_control.launch.py
[0.517s] -- Up-to-date symlink: /home/bin1225/ur_ws/install/ur_simulation_gz/share/ur_simulation_gz/launch/ur_sim_moveit.launch.py
[0.518s] -- Up-to-date symlink: /home/bin1225/ur_ws/install/ur_simulation_gz/share/ament_index/resource_index/package_run_dependencies/ur_simulation_gz
[0.518s] -- Up-to-date symlink: /home/bin1225/ur_ws/install/ur_simulation_gz/share/ament_index/resource_index/parent_prefix_path/ur_simulation_gz
[0.519s] -- Up-to-date symlink: /home/bin1225/ur_ws/install/ur_simulation_gz/share/ur_simulation_gz/environment/ament_prefix_path.sh
[0.519s] -- Up-to-date symlink: /home/bin1225/ur_ws/install/ur_simulation_gz/share/ur_simulation_gz/environment/ament_prefix_path.dsv
[0.520s] -- Up-to-date symlink: /home/bin1225/ur_ws/install/ur_simulation_gz/share/ur_simulation_gz/environment/path.sh
[0.521s] -- Up-to-date symlink: /home/bin1225/ur_ws/install/ur_simulation_gz/share/ur_simulation_gz/environment/path.dsv
[0.521s] -- Up-to-date symlink: /home/bin1225/ur_ws/install/ur_simulation_gz/share/ur_simulation_gz/local_setup.bash
[0.522s] -- Up-to-date symlink: /home/bin1225/ur_ws/install/ur_simulation_gz/share/ur_simulation_gz/local_setup.sh
[0.522s] -- Up-to-date symlink: /home/bin1225/ur_ws/install/ur_simulation_gz/share/ur_simulation_gz/local_setup.zsh
[0.523s] -- Up-to-date symlink: /home/bin1225/ur_ws/install/ur_simulation_gz/share/ur_simulation_gz/local_setup.dsv
[0.523s] -- Symlinking: /home/bin1225/ur_ws/install/ur_simulation_gz/share/ur_simulation_gz/package.dsv
[0.532s] -- Up-to-date symlink: /home/bin1225/ur_ws/install/ur_simulation_gz/share/ament_index/resource_index/packages/ur_simulation_gz
[0.533s] -- Up-to-date symlink: /home/bin1225/ur_ws/install/ur_simulation_gz/share/ur_simulation_gz/cmake/ur_simulation_gzConfig.cmake
[0.534s] -- Up-to-date symlink: /home/bin1225/ur_ws/install/ur_simulation_gz/share/ur_simulation_gz/cmake/ur_simulation_gzConfig-version.cmake
[0.535s] -- Up-to-date symlink: /home/bin1225/ur_ws/install/ur_simulation_gz/share/ur_simulation_gz/package.xml
[0.537s] Invoked command in '/home/bin1225/ur_ws/build/ur_simulation_gz' returned '0': CMAKE_PREFIX_PATH=${CMAKE_PREFIX_PATH}:/opt/ros/humble /usr/bin/cmake --install /home/bin1225/ur_ws/build/ur_simulation_gz
