[0.231s] Invoking command in '/home/bin1225/ur_ws/build/robotiq_controllers': CMAKE_PREFIX_PATH=${CMAKE_PREFIX_PATH}:/opt/ros/humble /usr/bin/cmake /home/bin1225/ur_ws/src/ros2_robotiq_gripper/robotiq_controllers -DCMAKE_INSTALL_PREFIX=/home/bin1225/ur_ws/install/robotiq_controllers
[0.289s] -- The C compiler identification is GNU 11.4.0
[0.448s] -- The CXX compiler identification is GNU 11.4.0
[0.612s] -- Detecting C compiler ABI info
[0.720s] -- Detecting C compiler ABI info - done
[0.731s] -- Check for working C compiler: /usr/bin/cc - skipped
[0.731s] -- Detecting C compile features
[0.732s] -- Detecting C compile features - done
[0.735s] -- Detecting CXX compiler ABI info
[0.924s] -- Detecting CXX compiler ABI info - done
[0.929s] -- Check for working CXX compiler: /usr/bin/c++ - skipped
[0.930s] -- Detecting CXX compile features
[0.930s] -- Detecting CXX compile features - done
[0.931s] -- Found ament_cmake: 1.3.11 (/opt/ros/humble/share/ament_cmake/cmake)
[1.046s] -- Found Python3: /usr/bin/python3 (found version "3.10.12") found components: Interpreter 
[1.122s] -- Found controller_interface: 2.49.0 (/opt/ros/humble/share/controller_interface/cmake)
[1.245s] -- Found rosidl_generator_c: 3.1.6 (/opt/ros/humble/share/rosidl_generator_c/cmake)
[1.248s] -- Found rosidl_adapter: 3.1.6 (/opt/ros/humble/share/rosidl_adapter/cmake)
[1.254s] -- Found rosidl_generator_cpp: 3.1.6 (/opt/ros/humble/share/rosidl_generator_cpp/cmake)
[1.261s] -- Using all available rosidl_typesupport_c: rosidl_typesupport_fastrtps_c;rosidl_typesupport_introspection_c
[1.273s] -- Using all available rosidl_typesupport_cpp: rosidl_typesupport_fastrtps_cpp;rosidl_typesupport_introspection_cpp
[2.184s] -- Found rmw_implementation_cmake: 6.1.2 (/opt/ros/humble/share/rmw_implementation_cmake/cmake)
[2.186s] -- Found rmw_fastrtps_cpp: 6.2.7 (/opt/ros/humble/share/rmw_fastrtps_cpp/cmake)
[2.204s] -- Found TinyXML2 via Config file: TinyXML2_DIR-NOTFOUND
[2.230s] -- Found OpenSSL: /usr/lib/x86_64-linux-gnu/libcrypto.so (found version "3.0.2")  
[2.232s] -- Found TinyXML2 via Config file: TinyXML2_DIR-NOTFOUND
[2.359s] -- Found FastRTPS: /opt/ros/humble/include  
[2.361s] -- Found TinyXML2 via Config file: TinyXML2_DIR-NOTFOUND
[2.366s] -- Found TinyXML2 via Config file: TinyXML2_DIR-NOTFOUND
[2.400s] -- Using RMW implementation 'rmw_fastrtps_cpp' as default
[2.406s] -- Looking for pthread.h
[2.471s] -- Looking for pthread.h - found
[2.472s] -- Performing Test CMAKE_HAVE_LIBC_PTHREAD
[2.541s] -- Performing Test CMAKE_HAVE_LIBC_PTHREAD - Success
[2.541s] -- Found Threads: TRUE  
[2.575s] -- Found std_srvs: 4.8.0 (/opt/ros/humble/share/std_srvs/cmake)
[2.591s] -- Found ament_lint_auto: 0.12.12 (/opt/ros/humble/share/ament_lint_auto/cmake)
[2.659s] -- Added test 'cppcheck' to perform static code analysis on C / C++ code
[2.660s] -- Configured cppcheck include dirs: /home/bin1225/ur_ws/src/ros2_robotiq_gripper/robotiq_controllers/include
[2.660s] -- Configured cppcheck exclude dirs and/or files: 
[2.661s] -- Added test 'lint_cmake' to check CMake code style
[2.665s] -- Configuring done
[2.720s] -- Generating done
[2.723s] -- Build files have been written to: /home/bin1225/ur_ws/build/robotiq_controllers
[2.731s] Invoked command in '/home/bin1225/ur_ws/build/robotiq_controllers' returned '0': CMAKE_PREFIX_PATH=${CMAKE_PREFIX_PATH}:/opt/ros/humble /usr/bin/cmake /home/bin1225/ur_ws/src/ros2_robotiq_gripper/robotiq_controllers -DCMAKE_INSTALL_PREFIX=/home/bin1225/ur_ws/install/robotiq_controllers
[2.733s] Invoking command in '/home/bin1225/ur_ws/build/robotiq_controllers': CMAKE_PREFIX_PATH=${CMAKE_PREFIX_PATH}:/opt/ros/humble /usr/bin/cmake --build /home/bin1225/ur_ws/build/robotiq_controllers -- -j22 -l22
[2.759s] [ 50%] [32mBuilding CXX object CMakeFiles/robotiq_controllers.dir/src/robotiq_activation_controller.cpp.o[0m
[6.232s] [100%] [32m[1mLinking CXX shared library librobotiq_controllers.so[0m
[6.426s] [100%] Built target robotiq_controllers
