[0.021s] Invoking command in '/home/bin1225/ur_ws/build/robotiq_driver': CMAKE_PREFIX_PATH=${CMAKE_PREFIX_PATH}:/opt/ros/humble /usr/bin/cmake /home/bin1225/ur_ws/src/ros2_robotiq_gripper/robotiq_driver -DCMAKE_INSTALL_PREFIX=/home/bin1225/ur_ws/install/robotiq_driver
[0.249s] -- The CXX compiler identification is GNU 11.4.0
[0.336s] -- Detecting CXX compiler ABI info
[0.426s] -- Detecting CXX compiler ABI info - done
[0.430s] -- Check for working CXX compiler: /usr/bin/c++ - skipped
[0.431s] -- Detecting CXX compile features
[0.431s] -- Detecting CXX compile features - done
[0.437s] -- Found ament_cmake: 1.3.11 (/opt/ros/humble/share/ament_cmake/cmake)
[0.536s] -- Found Python3: /usr/bin/python3 (found version "3.10.12") found components: Interpreter 
[0.604s] -- Found hardware_interface: 2.49.0 (/opt/ros/humble/share/hardware_interface/cmake)
[0.849s] -- Found rosidl_generator_c: 3.1.6 (/opt/ros/humble/share/rosidl_generator_c/cmake)
[0.863s] -- Found rosidl_adapter: 3.1.6 (/opt/ros/humble/share/rosidl_adapter/cmake)
[0.884s] -- Found rosidl_generator_cpp: 3.1.6 (/opt/ros/humble/share/rosidl_generator_cpp/cmake)
[0.916s] -- Using all available rosidl_typesupport_c: rosidl_typesupport_fastrtps_c;rosidl_typesupport_introspection_c
[0.955s] -- Using all available rosidl_typesupport_cpp: rosidl_typesupport_fastrtps_cpp;rosidl_typesupport_introspection_cpp
[2.056s] -- Found rmw_implementation_cmake: 6.1.2 (/opt/ros/humble/share/rmw_implementation_cmake/cmake)
[2.059s] -- Found rmw_fastrtps_cpp: 6.2.7 (/opt/ros/humble/share/rmw_fastrtps_cpp/cmake)
[2.087s] -- Found TinyXML2 via Config file: TinyXML2_DIR-NOTFOUND
[2.115s] -- Found OpenSSL: /usr/lib/x86_64-linux-gnu/libcrypto.so (found version "3.0.2")  
[2.118s] -- Found TinyXML2 via Config file: TinyXML2_DIR-NOTFOUND
[2.176s] -- Found FastRTPS: /opt/ros/humble/include  
[2.179s] -- Found TinyXML2 via Config file: TinyXML2_DIR-NOTFOUND
[2.184s] -- Found TinyXML2 via Config file: TinyXML2_DIR-NOTFOUND
[2.217s] -- Using RMW implementation 'rmw_fastrtps_cpp' as default
[2.227s] -- Looking for C++ include pthread.h
[2.374s] -- Looking for C++ include pthread.h - found
[2.374s] -- Performing Test CMAKE_HAVE_LIBC_PTHREAD
[2.448s] -- Performing Test CMAKE_HAVE_LIBC_PTHREAD - Success
[2.449s] -- Found Threads: TRUE  
[3.082s] [31mCMake Error at CMakeLists.txt:18 (find_package):
[3.082s]   By not providing "Findserial.cmake" in CMAKE_MODULE_PATH this project has
[3.082s]   asked CMake to find a package configuration file provided by "serial", but
[3.082s]   CMake did not find one.
[3.082s] 
[3.082s]   Could not find a package configuration file provided by "serial" with any
[3.082s]   of the following names:
[3.082s] 
[3.082s]     serialConfig.cmake
[3.083s]     serial-config.cmake
[3.083s] 
[3.083s]   Add the installation prefix of "serial" to CMAKE_PREFIX_PATH or set
[3.083s]   "serial_DIR" to a directory containing one of the above files.  If "serial"
[3.083s]   provides a separate development package or SDK, be sure it has been
[3.083s]   installed.
[3.083s] 
[3.083s] [0m
[3.083s] -- Configuring incomplete, errors occurred!
[3.083s] See also "/home/bin1225/ur_ws/build/robotiq_driver/CMakeFiles/CMakeOutput.log".
[3.089s] Invoked command in '/home/bin1225/ur_ws/build/robotiq_driver' returned '1': CMAKE_PREFIX_PATH=${CMAKE_PREFIX_PATH}:/opt/ros/humble /usr/bin/cmake /home/bin1225/ur_ws/src/ros2_robotiq_gripper/robotiq_driver -DCMAKE_INSTALL_PREFIX=/home/bin1225/ur_ws/install/robotiq_driver
