[0.025s] Invoking command in '/home/bin1225/ur_ws/build/robotiq_driver': CMAKE_PREFIX_PATH=${CMAKE_PREFIX_PATH}:/opt/ros/humble /usr/bin/cmake /home/bin1225/ur_ws/src/ros2_robotiq_gripper/robotiq_driver -DCMAKE_INSTALL_PREFIX=/home/bin1225/ur_ws/install/robotiq_driver
[0.160s] -- The CXX compiler identification is GNU 11.4.0
[0.477s] -- Detecting CXX compiler ABI info
[0.576s] -- Detecting CXX compiler ABI info - done
[0.579s] -- Check for working CXX compiler: /usr/bin/c++ - skipped
[0.580s] -- Detecting CXX compile features
[0.580s] -- Detecting CXX compile features - done
[0.583s] -- Found ament_cmake: 1.3.11 (/opt/ros/humble/share/ament_cmake/cmake)
[0.684s] -- Found Python3: /usr/bin/python3 (found version "3.10.12") found components: Interpreter 
[0.750s] -- Found hardware_interface: 2.49.0 (/opt/ros/humble/share/hardware_interface/cmake)
[0.892s] -- Found rosidl_generator_c: 3.1.6 (/opt/ros/humble/share/rosidl_generator_c/cmake)
[0.898s] -- Found rosidl_adapter: 3.1.6 (/opt/ros/humble/share/rosidl_adapter/cmake)
[0.912s] -- Found rosidl_generator_cpp: 3.1.6 (/opt/ros/humble/share/rosidl_generator_cpp/cmake)
[0.926s] -- Using all available rosidl_typesupport_c: rosidl_typesupport_fastrtps_c;rosidl_typesupport_introspection_c
[0.945s] -- Using all available rosidl_typesupport_cpp: rosidl_typesupport_fastrtps_cpp;rosidl_typesupport_introspection_cpp
[1.706s] -- Found rmw_implementation_cmake: 6.1.2 (/opt/ros/humble/share/rmw_implementation_cmake/cmake)
[1.708s] -- Found rmw_fastrtps_cpp: 6.2.7 (/opt/ros/humble/share/rmw_fastrtps_cpp/cmake)
[1.724s] -- Found TinyXML2 via Config file: TinyXML2_DIR-NOTFOUND
[1.753s] -- Found OpenSSL: /usr/lib/x86_64-linux-gnu/libcrypto.so (found version "3.0.2")  
[1.755s] -- Found TinyXML2 via Config file: TinyXML2_DIR-NOTFOUND
[1.811s] -- Found FastRTPS: /opt/ros/humble/include  
[1.814s] -- Found TinyXML2 via Config file: TinyXML2_DIR-NOTFOUND
[1.820s] -- Found TinyXML2 via Config file: TinyXML2_DIR-NOTFOUND
[1.855s] -- Using RMW implementation 'rmw_fastrtps_cpp' as default
[1.865s] -- Looking for C++ include pthread.h
[1.953s] -- Looking for C++ include pthread.h - found
[1.953s] -- Performing Test CMAKE_HAVE_LIBC_PTHREAD
[2.037s] -- Performing Test CMAKE_HAVE_LIBC_PTHREAD - Success
[2.038s] -- Found Threads: TRUE  
[2.721s] [31mCMake Error at CMakeLists.txt:18 (find_package):
[2.721s]   By not providing "Findserial.cmake" in CMAKE_MODULE_PATH this project has
[2.721s]   asked CMake to find a package configuration file provided by "serial", but
[2.721s]   CMake did not find one.
[2.721s] 
[2.721s]   Could not find a package configuration file provided by "serial" with any
[2.721s]   of the following names:
[2.721s] 
[2.721s]     serialConfig.cmake
[2.721s]     serial-config.cmake
[2.721s] 
[2.721s]   Add the installation prefix of "serial" to CMAKE_PREFIX_PATH or set
[2.721s]   "serial_DIR" to a directory containing one of the above files.  If "serial"
[2.721s]   provides a separate development package or SDK, be sure it has been
[2.721s]   installed.
[2.721s] 
[2.721s] [0m
[2.721s] -- Configuring incomplete, errors occurred!
[2.721s] See also "/home/bin1225/ur_ws/build/robotiq_driver/CMakeFiles/CMakeOutput.log".
[2.728s] Invoked command in '/home/bin1225/ur_ws/build/robotiq_driver' returned '1': CMAKE_PREFIX_PATH=${CMAKE_PREFIX_PATH}:/opt/ros/humble /usr/bin/cmake /home/bin1225/ur_ws/src/ros2_robotiq_gripper/robotiq_driver -DCMAKE_INSTALL_PREFIX=/home/bin1225/ur_ws/install/robotiq_driver
