[0.018s] Invoking command in '/home/bin1225/ur_ws/build/my_pick_and_place_pkg': CMAKE_PREFIX_PATH=${CMAKE_PREFIX_PATH}:/opt/ros/humble /usr/bin/cmake /home/bin1225/ur_ws/src/my_pick_and_place_pkg -DCMAKE_INSTALL_PREFIX=/home/bin1225/ur_ws/install/my_pick_and_place_pkg
[0.035s] -- Found ament_cmake: 1.3.11 (/opt/ros/humble/share/ament_cmake/cmake)
[0.186s] -- Override CMake install command with custom implementation using symlinks instead of copying resources
[0.195s] -- Found gazebo_ros: 3.9.0 (/opt/ros/humble/share/gazebo_ros/cmake)
[0.432s] -- Found rosidl_generator_c: 3.1.6 (/opt/ros/humble/share/rosidl_generator_c/cmake)
[0.433s] -- Found rosidl_adapter: 3.1.6 (/opt/ros/humble/share/rosidl_adapter/cmake)
[0.438s] -- Found rosidl_generator_cpp: 3.1.6 (/opt/ros/humble/share/rosidl_generator_cpp/cmake)
[0.448s] -- Using all available rosidl_typesupport_c: rosidl_typesupport_fastrtps_c;rosidl_typesupport_introspection_c
[0.463s] -- Using all available rosidl_typesupport_cpp: rosidl_typesupport_fastrtps_cpp;rosidl_typesupport_introspection_cpp
[0.498s] -- Found rmw_implementation_cmake: 6.1.2 (/opt/ros/humble/share/rmw_implementation_cmake/cmake)
[0.499s] -- Found rmw_fastrtps_cpp: 6.2.7 (/opt/ros/humble/share/rmw_fastrtps_cpp/cmake)
[5.593s] -- Using RMW implementation 'rmw_fastrtps_cpp' as default
[5.680s] -- Found DART: /usr/include (Required is at least version "6.6") found components: dart 
[5.711s] -- Found Protobuf: /usr/lib/x86_64-linux-gnu/libprotobuf.so (found version "3.12.4") 
[5.714s] -- Looking for ignition-math6 -- found version 6.15.1
[5.720s] -- Searching for dependencies of ignition-math6
[5.722s] -- Looking for OGRE...
[5.730s] -- Found Ogre Ghadamon (1.9.0)
[5.730s] -- Found OGRE: optimized;/usr/lib/x86_64-linux-gnu/libOgreMain.so;debug;/usr/lib/x86_64-linux-gnu/libOgreMain.so
[5.743s] -- Looking for OGRE_Paging...
[5.743s] -- Found OGRE_Paging: optimized;/usr/lib/x86_64-linux-gnu/libOgrePaging.so;debug;/usr/lib/x86_64-linux-gnu/libOgrePaging.so
[5.743s] -- Looking for OGRE_Terrain...
[5.743s] -- Found OGRE_Terrain: optimized;/usr/lib/x86_64-linux-gnu/libOgreTerrain.so;debug;/usr/lib/x86_64-linux-gnu/libOgreTerrain.so
[5.744s] -- Looking for OGRE_Property...
[5.744s] -- Found OGRE_Property: optimized;/usr/lib/x86_64-linux-gnu/libOgreProperty.so;debug;/usr/lib/x86_64-linux-gnu/libOgreProperty.so
[5.744s] -- Looking for OGRE_RTShaderSystem...
[5.744s] -- Found OGRE_RTShaderSystem: optimized;/usr/lib/x86_64-linux-gnu/libOgreRTShaderSystem.so;debug;/usr/lib/x86_64-linux-gnu/libOgreRTShaderSystem.so
[5.744s] -- Looking for OGRE_Volume...
[5.744s] -- Found OGRE_Volume: optimized;/usr/lib/x86_64-linux-gnu/libOgreVolume.so;debug;/usr/lib/x86_64-linux-gnu/libOgreVolume.so
[5.744s] -- Looking for OGRE_Overlay...
[5.744s] -- Found OGRE_Overlay: optimized;/usr/lib/x86_64-linux-gnu/libOgreOverlay.so;debug;/usr/lib/x86_64-linux-gnu/libOgreOverlay.so
[24.437s] -- Looking for ignition-math6 -- found version 6.15.1
[24.438s] -- Looking for ignition-transport8 -- found version 8.2.1
[24.439s] -- Searching for dependencies of ignition-transport8
[25.874s] -- Found Protobuf: /usr/lib/x86_64-linux-gnu/libprotobuf.so (found suitable version "3.12.4", minimum required is "3") 
[26.876s] -- Config-file not installed for ZeroMQ -- checking for pkg-config
[26.882s] -- Checking for module 'libzmq >= 4'
[26.895s] --   Found libzmq , version 4.3.4
[26.934s] -- Checking for module 'uuid'
[26.946s] --   Found uuid, version 2.37.2
[26.976s] -- Looking for ignition-msgs5 -- found version 5.8.1
[26.976s] -- Searching for dependencies of ignition-msgs5
[28.571s] -- Looking for ignition-math6 -- found version 6.15.1
[28.577s] -- Checking for module 'tinyxml2'
[28.590s] --   Found tinyxml2, version 9.0.0
[28.622s] -- Looking for ignition-msgs5 -- found version 5.8.1
[28.623s] -- Looking for ignition-common3 -- found version 3.14.0
[28.623s] -- Searching for dependencies of ignition-common3
[28.624s] -- Looking for dlfcn.h - found
[28.624s] -- Looking for libdl - found
[28.732s] -- Searching for <ignition-common3> component [graphics]
[28.735s] -- Looking for ignition-common3-graphics -- found version 3.14.0
[28.736s] -- Searching for dependencies of ignition-common3-graphics
[28.736s] -- Looking for ignition-math6 -- found version 6.15.1
[28.737s] -- Looking for ignition-fuel_tools4 -- found version 4.4.0
[28.738s] -- Searching for dependencies of ignition-fuel_tools4
[30.816s] -- Checking for module 'jsoncpp'
[30.830s] --   Found jsoncpp, version 1.9.5
[30.862s] -- Checking for module 'libzip'
[30.873s] --   Found libzip, version 1.7.3
[30.901s] -- Looking for ignition-common3 -- found version 3.14.0
[30.902s] -- Looking for ignition-math6 -- found version 6.15.1
[30.903s] -- Looking for ignition-msgs5 -- found version 5.8.1
[30.904s] -- Gazebo version: 11.10
[30.907s] -- Found ament_lint_auto: 0.12.12 (/opt/ros/humble/share/ament_lint_auto/cmake)
[30.993s] -- Added test 'flake8' to check Python code syntax and style conventions
[30.994s] -- Added test 'lint_cmake' to check CMake code style
[30.995s] -- Added test 'pep257' to check Python code against some of the docstring style conventions in PEP 257
[30.997s] -- Added test 'xmllint' to check XML markup files
[30.998s] -- Configuring done
[31.005s] -- Generating done
[31.009s] -- Build files have been written to: /home/bin1225/ur_ws/build/my_pick_and_place_pkg
[31.023s] Invoked command in '/home/bin1225/ur_ws/build/my_pick_and_place_pkg' returned '0': CMAKE_PREFIX_PATH=${CMAKE_PREFIX_PATH}:/opt/ros/humble /usr/bin/cmake /home/bin1225/ur_ws/src/my_pick_and_place_pkg -DCMAKE_INSTALL_PREFIX=/home/bin1225/ur_ws/install/my_pick_and_place_pkg
[31.026s] Invoking command in '/home/bin1225/ur_ws/build/my_pick_and_place_pkg': CMAKE_PREFIX_PATH=${CMAKE_PREFIX_PATH}:/opt/ros/humble /usr/bin/cmake --build /home/bin1225/ur_ws/build/my_pick_and_place_pkg -- -j22 -l22
[31.071s] Invoked command in '/home/bin1225/ur_ws/build/my_pick_and_place_pkg' returned '0': CMAKE_PREFIX_PATH=${CMAKE_PREFIX_PATH}:/opt/ros/humble /usr/bin/cmake --build /home/bin1225/ur_ws/build/my_pick_and_place_pkg -- -j22 -l22
[31.081s] Invoking command in '/home/bin1225/ur_ws/build/my_pick_and_place_pkg': CMAKE_PREFIX_PATH=${CMAKE_PREFIX_PATH}:/opt/ros/humble /usr/bin/cmake --install /home/bin1225/ur_ws/build/my_pick_and_place_pkg
[31.087s] -- Install configuration: ""
[31.087s] -- Execute custom install script
[31.087s] [31mCMake Error at ament_cmake_symlink_install/ament_cmake_symlink_install.cmake:100 (message):
[31.087s]   ament_cmake_symlink_install_directory() can't find
[31.088s]   '/home/bin1225/ur_ws/src/my_pick_and_place_pkg/launch'
[31.088s] Call Stack (most recent call first):
[31.088s]   ament_cmake_symlink_install/ament_cmake_symlink_install.cmake:314 (ament_cmake_symlink_install_directory)
[31.088s]   cmake_install.cmake:46 (include)
[31.088s] 
[31.088s] [0m
[31.090s] Invoked command in '/home/bin1225/ur_ws/build/my_pick_and_place_pkg' returned '1': CMAKE_PREFIX_PATH=${CMAKE_PREFIX_PATH}:/opt/ros/humble /usr/bin/cmake --install /home/bin1225/ur_ws/build/my_pick_and_place_pkg
