[0.037s] Invoking command in '/home/bin1225/ur_ws/build/my_pick_and_place_pkg': CMAKE_PREFIX_PATH=${CMAKE_PREFIX_PATH}:/opt/ros/humble /usr/bin/cmake --build /home/bin1225/ur_ws/build/my_pick_and_place_pkg -- -j22 -l22
[0.083s] Invoked command in '/home/bin1225/ur_ws/build/my_pick_and_place_pkg' returned '0': CMAKE_PREFIX_PATH=${CMAKE_PREFIX_PATH}:/opt/ros/humble /usr/bin/cmake --build /home/bin1225/ur_ws/build/my_pick_and_place_pkg -- -j22 -l22
[0.084s] Invoking command in '/home/bin1225/ur_ws/build/my_pick_and_place_pkg': CMAKE_PREFIX_PATH=${CMAKE_PREFIX_PATH}:/opt/ros/humble /usr/bin/cmake --install /home/bin1225/ur_ws/build/my_pick_and_place_pkg
[0.141s] -- Install configuration: ""
[0.141s] -- Up-to-date: /home/bin1225/ur_ws/install/my_pick_and_place_pkg/share/my_pick_and_place_pkg/launch
[0.141s] -- Up-to-date: /home/bin1225/ur_ws/install/my_pick_and_place_pkg/share/my_pick_and_place_pkg/launch/ur5e_with_world.launch.py
[0.141s] -- Up-to-date: /home/bin1225/ur_ws/install/my_pick_and_place_pkg/share/my_pick_and_place_pkg/worlds
[0.142s] -- Installing: /home/bin1225/ur_ws/install/my_pick_and_place_pkg/share/my_pick_and_place_pkg/worlds/pick_and_place_world.sdf
[0.142s] -- Up-to-date: /home/bin1225/ur_ws/install/my_pick_and_place_pkg/share/my_pick_and_place_pkg/config
[0.142s] -- Up-to-date: /home/bin1225/ur_ws/install/my_pick_and_place_pkg/share/my_pick_and_place_pkg/models
[0.142s] -- Up-to-date: /home/bin1225/ur_ws/install/my_pick_and_place_pkg/share/ament_index/resource_index/package_run_dependencies/my_pick_and_place_pkg
[0.142s] -- Up-to-date: /home/bin1225/ur_ws/install/my_pick_and_place_pkg/share/ament_index/resource_index/parent_prefix_path/my_pick_and_place_pkg
[0.142s] -- Up-to-date: /home/bin1225/ur_ws/install/my_pick_and_place_pkg/share/my_pick_and_place_pkg/environment/ament_prefix_path.sh
[0.143s] -- Up-to-date: /home/bin1225/ur_ws/install/my_pick_and_place_pkg/share/my_pick_and_place_pkg/environment/ament_prefix_path.dsv
[0.143s] -- Up-to-date: /home/bin1225/ur_ws/install/my_pick_and_place_pkg/share/my_pick_and_place_pkg/environment/path.sh
[0.143s] -- Up-to-date: /home/bin1225/ur_ws/install/my_pick_and_place_pkg/share/my_pick_and_place_pkg/environment/path.dsv
[0.143s] -- Up-to-date: /home/bin1225/ur_ws/install/my_pick_and_place_pkg/share/my_pick_and_place_pkg/local_setup.bash
[0.143s] -- Up-to-date: /home/bin1225/ur_ws/install/my_pick_and_place_pkg/share/my_pick_and_place_pkg/local_setup.sh
[0.143s] -- Up-to-date: /home/bin1225/ur_ws/install/my_pick_and_place_pkg/share/my_pick_and_place_pkg/local_setup.zsh
[0.143s] -- Up-to-date: /home/bin1225/ur_ws/install/my_pick_and_place_pkg/share/my_pick_and_place_pkg/local_setup.dsv
[0.143s] -- Installing: /home/bin1225/ur_ws/install/my_pick_and_place_pkg/share/my_pick_and_place_pkg/package.dsv
[0.143s] -- Up-to-date: /home/bin1225/ur_ws/install/my_pick_and_place_pkg/share/ament_index/resource_index/packages/my_pick_and_place_pkg
[0.143s] -- Up-to-date: /home/bin1225/ur_ws/install/my_pick_and_place_pkg/share/my_pick_and_place_pkg/cmake/my_pick_and_place_pkgConfig.cmake
[0.143s] -- Up-to-date: /home/bin1225/ur_ws/install/my_pick_and_place_pkg/share/my_pick_and_place_pkg/cmake/my_pick_and_place_pkgConfig-version.cmake
[0.144s] -- Up-to-date: /home/bin1225/ur_ws/install/my_pick_and_place_pkg/share/my_pick_and_place_pkg/package.xml
[0.178s] Invoked command in '/home/bin1225/ur_ws/build/my_pick_and_place_pkg' returned '0': CMAKE_PREFIX_PATH=${CMAKE_PREFIX_PATH}:/opt/ros/humble /usr/bin/cmake --install /home/bin1225/ur_ws/build/my_pick_and_place_pkg
