[0.013s] Invoking command in '/home/bin1225/ur_ws/build/ur_simulation_gz': CMAKE_PREFIX_PATH=${CMAKE_PREFIX_PATH}:/opt/ros/humble /usr/bin/cmake /home/bin1225/ur_ws/src/ur_simulation_gz/ur_simulation_gz -DAMENT_CMAKE_SYMLINK_INSTALL=1 -DCMAKE_INSTALL_PREFIX=/home/bin1225/ur_ws/install/ur_simulation_gz
[0.045s] -- Found ament_cmake: 1.3.11 (/opt/ros/humble/share/ament_cmake/cmake)
[0.141s] -- Override CMake install command with custom implementation using symlinks instead of copying resources
[0.163s] -- Found launch_testing_ament_cmake: 1.0.8 (/opt/ros/humble/share/launch_testing_ament_cmake/cmake)
[0.164s] -- Found python_cmake_module: 0.10.0 (/opt/ros/humble/share/python_cmake_module/cmake)
[0.188s] -- Using PYTHON_EXECUTABLE: /usr/bin/python3
[0.188s] -- Using PYTHON_INCLUDE_DIRS: /usr/include/python3.10
[0.188s] -- Using PYTHON_LIBRARIES: /usr/lib/x86_64-linux-gnu/libpython3.10.so
[0.190s] -- Found ament_cmake_pytest: 1.3.11 (/opt/ros/humble/share/ament_cmake_pytest/cmake)
[0.253s] -- Configuring done
[0.259s] -- Generating done
[0.263s] -- Build files have been written to: /home/bin1225/ur_ws/build/ur_simulation_gz
[0.265s] Invoked command in '/home/bin1225/ur_ws/build/ur_simulation_gz' returned '0': CMAKE_PREFIX_PATH=${CMAKE_PREFIX_PATH}:/opt/ros/humble /usr/bin/cmake /home/bin1225/ur_ws/src/ur_simulation_gz/ur_simulation_gz -DAMENT_CMAKE_SYMLINK_INSTALL=1 -DCMAKE_INSTALL_PREFIX=/home/bin1225/ur_ws/install/ur_simulation_gz
[0.267s] Invoking command in '/home/bin1225/ur_ws/build/ur_simulation_gz': CMAKE_PREFIX_PATH=${CMAKE_PREFIX_PATH}:/opt/ros/humble /usr/bin/cmake --build /home/bin1225/ur_ws/build/ur_simulation_gz -- -j22 -l22
[0.290s] Invoked command in '/home/bin1225/ur_ws/build/ur_simulation_gz' returned '0': CMAKE_PREFIX_PATH=${CMAKE_PREFIX_PATH}:/opt/ros/humble /usr/bin/cmake --build /home/bin1225/ur_ws/build/ur_simulation_gz -- -j22 -l22
[0.298s] Invoking command in '/home/bin1225/ur_ws/build/ur_simulation_gz': CMAKE_PREFIX_PATH=${CMAKE_PREFIX_PATH}:/opt/ros/humble /usr/bin/cmake --install /home/bin1225/ur_ws/build/ur_simulation_gz
[0.303s] -- Install configuration: "Release"
[0.303s] -- Execute custom install script
[0.303s] -- Up-to-date symlink: /home/bin1225/ur_ws/install/ur_simulation_gz/share/ur_simulation_gz/config/ur_controllers.yaml
[0.303s] -- Up-to-date symlink: /home/bin1225/ur_ws/install/ur_simulation_gz/share/ur_simulation_gz/launch/ur_sim_control.launch.py
[0.303s] -- Up-to-date symlink: /home/bin1225/ur_ws/install/ur_simulation_gz/share/ur_simulation_gz/launch/ur_sim_moveit.launch.py
[0.304s] -- Up-to-date symlink: /home/bin1225/ur_ws/install/ur_simulation_gz/share/ament_index/resource_index/package_run_dependencies/ur_simulation_gz
[0.304s] -- Up-to-date symlink: /home/bin1225/ur_ws/install/ur_simulation_gz/share/ament_index/resource_index/parent_prefix_path/ur_simulation_gz
[0.304s] -- Up-to-date symlink: /home/bin1225/ur_ws/install/ur_simulation_gz/share/ur_simulation_gz/environment/ament_prefix_path.sh
[0.304s] -- Up-to-date symlink: /home/bin1225/ur_ws/install/ur_simulation_gz/share/ur_simulation_gz/environment/ament_prefix_path.dsv
[0.304s] -- Up-to-date symlink: /home/bin1225/ur_ws/install/ur_simulation_gz/share/ur_simulation_gz/environment/path.sh
[0.305s] -- Up-to-date symlink: /home/bin1225/ur_ws/install/ur_simulation_gz/share/ur_simulation_gz/environment/path.dsv
[0.305s] -- Up-to-date symlink: /home/bin1225/ur_ws/install/ur_simulation_gz/share/ur_simulation_gz/local_setup.bash
[0.305s] -- Up-to-date symlink: /home/bin1225/ur_ws/install/ur_simulation_gz/share/ur_simulation_gz/local_setup.sh
[0.305s] -- Up-to-date symlink: /home/bin1225/ur_ws/install/ur_simulation_gz/share/ur_simulation_gz/local_setup.zsh
[0.305s] -- Up-to-date symlink: /home/bin1225/ur_ws/install/ur_simulation_gz/share/ur_simulation_gz/local_setup.dsv
[0.305s] -- Symlinking: /home/bin1225/ur_ws/install/ur_simulation_gz/share/ur_simulation_gz/package.dsv
[0.309s] -- Up-to-date symlink: /home/bin1225/ur_ws/install/ur_simulation_gz/share/ament_index/resource_index/packages/ur_simulation_gz
[0.310s] -- Up-to-date symlink: /home/bin1225/ur_ws/install/ur_simulation_gz/share/ur_simulation_gz/cmake/ur_simulation_gzConfig.cmake
[0.310s] -- Up-to-date symlink: /home/bin1225/ur_ws/install/ur_simulation_gz/share/ur_simulation_gz/cmake/ur_simulation_gzConfig-version.cmake
[0.310s] -- Up-to-date symlink: /home/bin1225/ur_ws/install/ur_simulation_gz/share/ur_simulation_gz/package.xml
[0.312s] Invoked command in '/home/bin1225/ur_ws/build/ur_simulation_gz' returned '0': CMAKE_PREFIX_PATH=${CMAKE_PREFIX_PATH}:/opt/ros/humble /usr/bin/cmake --install /home/bin1225/ur_ws/build/ur_simulation_gz
