[0.033s] Invoking command in '/home/bin1225/ur_ws/build/my_pick_and_place_pkg': CMAKE_PREFIX_PATH=${CMAKE_PREFIX_PATH}:/opt/ros/humble /usr/bin/cmake --build /home/bin1225/ur_ws/build/my_pick_and_place_pkg -- -j22 -l22
[0.072s] Invoked command in '/home/bin1225/ur_ws/build/my_pick_and_place_pkg' returned '0': CMAKE_PREFIX_PATH=${CMAKE_PREFIX_PATH}:/opt/ros/humble /usr/bin/cmake --build /home/bin1225/ur_ws/build/my_pick_and_place_pkg -- -j22 -l22
[0.082s] Invoking command in '/home/bin1225/ur_ws/build/my_pick_and_place_pkg': CMAKE_PREFIX_PATH=${CMAKE_PREFIX_PATH}:/opt/ros/humble /usr/bin/cmake --install /home/bin1225/ur_ws/build/my_pick_and_place_pkg
[0.089s] -- Install configuration: ""
[0.090s] -- Execute custom install script
[0.090s] -- Up-to-date symlink: /home/bin1225/ur_ws/install/my_pick_and_place_pkg/share/ament_index/resource_index/package_run_dependencies/my_pick_and_place_pkg
[0.090s] -- Up-to-date symlink: /home/bin1225/ur_ws/install/my_pick_and_place_pkg/share/ament_index/resource_index/parent_prefix_path/my_pick_and_place_pkg
[0.091s] -- Up-to-date symlink: /home/bin1225/ur_ws/install/my_pick_and_place_pkg/share/my_pick_and_place_pkg/environment/ament_prefix_path.sh
[0.091s] -- Up-to-date symlink: /home/bin1225/ur_ws/install/my_pick_and_place_pkg/share/my_pick_and_place_pkg/environment/ament_prefix_path.dsv
[0.093s] -- Up-to-date symlink: /home/bin1225/ur_ws/install/my_pick_and_place_pkg/share/my_pick_and_place_pkg/environment/path.sh
[0.094s] -- Up-to-date symlink: /home/bin1225/ur_ws/install/my_pick_and_place_pkg/share/my_pick_and_place_pkg/environment/path.dsv
[0.094s] -- Up-to-date symlink: /home/bin1225/ur_ws/install/my_pick_and_place_pkg/share/my_pick_and_place_pkg/local_setup.bash
[0.094s] -- Up-to-date symlink: /home/bin1225/ur_ws/install/my_pick_and_place_pkg/share/my_pick_and_place_pkg/local_setup.sh
[0.094s] -- Up-to-date symlink: /home/bin1225/ur_ws/install/my_pick_and_place_pkg/share/my_pick_and_place_pkg/local_setup.zsh
[0.094s] -- Up-to-date symlink: /home/bin1225/ur_ws/install/my_pick_and_place_pkg/share/my_pick_and_place_pkg/local_setup.dsv
[0.094s] -- Symlinking: /home/bin1225/ur_ws/install/my_pick_and_place_pkg/share/my_pick_and_place_pkg/package.dsv
[0.104s] -- Up-to-date symlink: /home/bin1225/ur_ws/install/my_pick_and_place_pkg/share/ament_index/resource_index/packages/my_pick_and_place_pkg
[0.104s] -- Up-to-date symlink: /home/bin1225/ur_ws/install/my_pick_and_place_pkg/share/my_pick_and_place_pkg/cmake/my_pick_and_place_pkgConfig.cmake
[0.105s] -- Up-to-date symlink: /home/bin1225/ur_ws/install/my_pick_and_place_pkg/share/my_pick_and_place_pkg/cmake/my_pick_and_place_pkgConfig-version.cmake
[0.105s] -- Up-to-date symlink: /home/bin1225/ur_ws/install/my_pick_and_place_pkg/share/my_pick_and_place_pkg/package.xml
[0.110s] Invoked command in '/home/bin1225/ur_ws/build/my_pick_and_place_pkg' returned '0': CMAKE_PREFIX_PATH=${CMAKE_PREFIX_PATH}:/opt/ros/humble /usr/bin/cmake --install /home/bin1225/ur_ws/build/my_pick_and_place_pkg
