[0.050s] Invoking command in '/home/bin1225/ur_ws/build/ur_moveit_config': CMAKE_PREFIX_PATH=/home/bin1225/ur_ws/install/ur_description:/home/bin1225/ur_ws/install/ur_simulation_gz:/home/bin1225/ur_ws/install/robotiq_description:/home/bin1225/ur_ws/install/robotiq_controllers:/home/bin1225/ur_ws/install/my_pick_and_place_pkg:/opt/ros/humble /usr/bin/cmake /home/bin1225/ur_ws/src/Universal_Robots_ROS2_Driver/ur_moveit_config -DCMAKE_INSTALL_PREFIX=/home/bin1225/ur_ws/install/ur_moveit_config
[0.189s] -- The C compiler identification is GNU 11.4.0
[0.448s] -- The CXX compiler identification is GNU 11.4.0
[0.602s] -- Detecting C compiler ABI info
[0.682s] -- Detecting C compiler ABI info - done
[0.686s] -- Check for working C compiler: /usr/bin/cc - skipped
[0.687s] -- Detecting C compile features
[0.688s] -- Detecting C compile features - done
[0.690s] -- Detecting CXX compiler ABI info
[0.781s] -- Detecting CXX compiler ABI info - done
[0.785s] -- Check for working CXX compiler: /usr/bin/c++ - skipped
[0.785s] -- Detecting CXX compile features
[0.786s] -- Detecting CXX compile features - done
[0.805s] -- Found ament_cmake: 1.3.11 (/opt/ros/humble/share/ament_cmake/cmake)
[0.901s] -- Found Python3: /usr/bin/python3 (found version "3.10.12") found components: Interpreter 
[1.072s] -- Configuring done
[1.074s] -- Generating done
[1.076s] -- Build files have been written to: /home/bin1225/ur_ws/build/ur_moveit_config
[1.079s] Invoked command in '/home/bin1225/ur_ws/build/ur_moveit_config' returned '0': CMAKE_PREFIX_PATH=/home/bin1225/ur_ws/install/ur_description:/home/bin1225/ur_ws/install/ur_simulation_gz:/home/bin1225/ur_ws/install/robotiq_description:/home/bin1225/ur_ws/install/robotiq_controllers:/home/bin1225/ur_ws/install/my_pick_and_place_pkg:/opt/ros/humble /usr/bin/cmake /home/bin1225/ur_ws/src/Universal_Robots_ROS2_Driver/ur_moveit_config -DCMAKE_INSTALL_PREFIX=/home/bin1225/ur_ws/install/ur_moveit_config
[1.081s] Invoking command in '/home/bin1225/ur_ws/build/ur_moveit_config': CMAKE_PREFIX_PATH=/home/bin1225/ur_ws/install/ur_description:/home/bin1225/ur_ws/install/ur_simulation_gz:/home/bin1225/ur_ws/install/robotiq_description:/home/bin1225/ur_ws/install/robotiq_controllers:/home/bin1225/ur_ws/install/my_pick_and_place_pkg:/opt/ros/humble /usr/bin/cmake --build /home/bin1225/ur_ws/build/ur_moveit_config -- -j22 -l22
[1.108s] Built target ament_cmake_python_copy_ur_moveit_config
[1.243s] running egg_info
[1.243s] creating ur_moveit_config.egg-info
[1.243s] writing ur_moveit_config.egg-info/PKG-INFO
[1.244s] writing dependency_links to ur_moveit_config.egg-info/dependency_links.txt
[1.244s] writing top-level names to ur_moveit_config.egg-info/top_level.txt
[1.244s] writing manifest file 'ur_moveit_config.egg-info/SOURCES.txt'
[1.246s] reading manifest file 'ur_moveit_config.egg-info/SOURCES.txt'
[1.246s] writing manifest file 'ur_moveit_config.egg-info/SOURCES.txt'
[1.263s] Built target ament_cmake_python_build_ur_moveit_config_egg
[1.269s] Invoked command in '/home/bin1225/ur_ws/build/ur_moveit_config' returned '0': CMAKE_PREFIX_PATH=/home/bin1225/ur_ws/install/ur_description:/home/bin1225/ur_ws/install/ur_simulation_gz:/home/bin1225/ur_ws/install/robotiq_description:/home/bin1225/ur_ws/install/robotiq_controllers:/home/bin1225/ur_ws/install/my_pick_and_place_pkg:/opt/ros/humble /usr/bin/cmake --build /home/bin1225/ur_ws/build/ur_moveit_config -- -j22 -l22
[1.275s] Invoking command in '/home/bin1225/ur_ws/build/ur_moveit_config': CMAKE_PREFIX_PATH=/home/bin1225/ur_ws/install/ur_description:/home/bin1225/ur_ws/install/ur_simulation_gz:/home/bin1225/ur_ws/install/robotiq_description:/home/bin1225/ur_ws/install/robotiq_controllers:/home/bin1225/ur_ws/install/my_pick_and_place_pkg:/opt/ros/humble /usr/bin/cmake --install /home/bin1225/ur_ws/build/ur_moveit_config
[1.278s] -- Install configuration: ""
[1.278s] -- Installing: /home/bin1225/ur_ws/install/ur_moveit_config/share/ur_moveit_config/config
[1.278s] -- Installing: /home/bin1225/ur_ws/install/ur_moveit_config/share/ur_moveit_config/config/ompl_planning.yaml
[1.279s] -- Installing: /home/bin1225/ur_ws/install/ur_moveit_config/share/ur_moveit_config/config/ur_servo.yaml
[1.279s] -- Installing: /home/bin1225/ur_ws/install/ur_moveit_config/share/ur_moveit_config/config/kinematics.yaml
[1.279s] -- Installing: /home/bin1225/ur_ws/install/ur_moveit_config/share/ur_moveit_config/config/controllers.yaml
[1.279s] -- Installing: /home/bin1225/ur_ws/install/ur_moveit_config/share/ur_moveit_config/config/joint_limits.yaml
[1.279s] -- Installing: /home/bin1225/ur_ws/install/ur_moveit_config/share/ur_moveit_config/launch
[1.279s] -- Installing: /home/bin1225/ur_ws/install/ur_moveit_config/share/ur_moveit_config/launch/ur_moveit.launch.py
[1.279s] -- Installing: /home/bin1225/ur_ws/install/ur_moveit_config/share/ur_moveit_config/rviz
[1.279s] -- Installing: /home/bin1225/ur_ws/install/ur_moveit_config/share/ur_moveit_config/rviz/view_robot.rviz
[1.279s] -- Installing: /home/bin1225/ur_ws/install/ur_moveit_config/share/ur_moveit_config/srdf
[1.279s] -- Installing: /home/bin1225/ur_ws/install/ur_moveit_config/share/ur_moveit_config/srdf/ur_macro.srdf.xacro
[1.279s] -- Installing: /home/bin1225/ur_ws/install/ur_moveit_config/share/ur_moveit_config/srdf/ur.srdf.xacro
[1.280s] -- Installing: /home/bin1225/ur_ws/install/ur_moveit_config/share/ur_moveit_config/environment/pythonpath.sh
[1.280s] -- Installing: /home/bin1225/ur_ws/install/ur_moveit_config/share/ur_moveit_config/environment/pythonpath.dsv
[1.280s] -- Installing: /home/bin1225/ur_ws/install/ur_moveit_config/local/lib/python3.10/dist-packages/ur_moveit_config-2.6.0-py3.10.egg-info
[1.280s] -- Installing: /home/bin1225/ur_ws/install/ur_moveit_config/local/lib/python3.10/dist-packages/ur_moveit_config-2.6.0-py3.10.egg-info/SOURCES.txt
[1.280s] -- Installing: /home/bin1225/ur_ws/install/ur_moveit_config/local/lib/python3.10/dist-packages/ur_moveit_config-2.6.0-py3.10.egg-info/dependency_links.txt
[1.280s] -- Installing: /home/bin1225/ur_ws/install/ur_moveit_config/local/lib/python3.10/dist-packages/ur_moveit_config-2.6.0-py3.10.egg-info/top_level.txt
[1.280s] -- Installing: /home/bin1225/ur_ws/install/ur_moveit_config/local/lib/python3.10/dist-packages/ur_moveit_config-2.6.0-py3.10.egg-info/PKG-INFO
[1.280s] -- Installing: /home/bin1225/ur_ws/install/ur_moveit_config/local/lib/python3.10/dist-packages/ur_moveit_config
[1.280s] -- Installing: /home/bin1225/ur_ws/install/ur_moveit_config/local/lib/python3.10/dist-packages/ur_moveit_config/launch_common.py
[1.280s] -- Installing: /home/bin1225/ur_ws/install/ur_moveit_config/local/lib/python3.10/dist-packages/ur_moveit_config/__init__.py
[1.299s] Listing '/home/bin1225/ur_ws/install/ur_moveit_config/local/lib/python3.10/dist-packages/ur_moveit_config'...
[1.299s] Compiling '/home/bin1225/ur_ws/install/ur_moveit_config/local/lib/python3.10/dist-packages/ur_moveit_config/__init__.py'...
[1.299s] Compiling '/home/bin1225/ur_ws/install/ur_moveit_config/local/lib/python3.10/dist-packages/ur_moveit_config/launch_common.py'...
[1.302s] -- Installing: /home/bin1225/ur_ws/install/ur_moveit_config/local/lib/python3.10/dist-packages/launch_common.py
[1.320s] Compiling '/home/bin1225/ur_ws/install/ur_moveit_config/local/lib/python3.10/dist-packages/launch_common.py'...
[1.323s] -- Installing: /home/bin1225/ur_ws/install/ur_moveit_config/share/ament_index/resource_index/package_run_dependencies/ur_moveit_config
[1.323s] -- Installing: /home/bin1225/ur_ws/install/ur_moveit_config/share/ament_index/resource_index/parent_prefix_path/ur_moveit_config
[1.324s] -- Installing: /home/bin1225/ur_ws/install/ur_moveit_config/share/ur_moveit_config/environment/ament_prefix_path.sh
[1.324s] -- Installing: /home/bin1225/ur_ws/install/ur_moveit_config/share/ur_moveit_config/environment/ament_prefix_path.dsv
[1.324s] -- Installing: /home/bin1225/ur_ws/install/ur_moveit_config/share/ur_moveit_config/environment/path.sh
[1.324s] -- Installing: /home/bin1225/ur_ws/install/ur_moveit_config/share/ur_moveit_config/environment/path.dsv
[1.324s] -- Installing: /home/bin1225/ur_ws/install/ur_moveit_config/share/ur_moveit_config/local_setup.bash
[1.324s] -- Installing: /home/bin1225/ur_ws/install/ur_moveit_config/share/ur_moveit_config/local_setup.sh
[1.324s] -- Installing: /home/bin1225/ur_ws/install/ur_moveit_config/share/ur_moveit_config/local_setup.zsh
[1.324s] -- Installing: /home/bin1225/ur_ws/install/ur_moveit_config/share/ur_moveit_config/local_setup.dsv
[1.324s] -- Installing: /home/bin1225/ur_ws/install/ur_moveit_config/share/ur_moveit_config/package.dsv
[1.324s] -- Installing: /home/bin1225/ur_ws/install/ur_moveit_config/share/ament_index/resource_index/packages/ur_moveit_config
[1.325s] -- Installing: /home/bin1225/ur_ws/install/ur_moveit_config/share/ur_moveit_config/cmake/ur_moveit_configConfig.cmake
[1.325s] -- Installing: /home/bin1225/ur_ws/install/ur_moveit_config/share/ur_moveit_config/cmake/ur_moveit_configConfig-version.cmake
[1.325s] -- Installing: /home/bin1225/ur_ws/install/ur_moveit_config/share/ur_moveit_config/package.xml
[1.326s] Invoked command in '/home/bin1225/ur_ws/build/ur_moveit_config' returned '0': CMAKE_PREFIX_PATH=/home/bin1225/ur_ws/install/ur_description:/home/bin1225/ur_ws/install/ur_simulation_gz:/home/bin1225/ur_ws/install/robotiq_description:/home/bin1225/ur_ws/install/robotiq_controllers:/home/bin1225/ur_ws/install/my_pick_and_place_pkg:/opt/ros/humble /usr/bin/cmake --install /home/bin1225/ur_ws/build/ur_moveit_config
