[0.031s] Invoking command in '/home/bin1225/ur_ws/build/ur_moveit_config': CMAKE_PREFIX_PATH=/home/bin1225/ur_ws/install/ur_description:/home/bin1225/ur_ws/install/ur_moveit_config:/home/bin1225/ur_ws/install/ur_simulation_gz:/home/bin1225/ur_ws/install/robotiq_description:/home/bin1225/ur_ws/install/robotiq_controllers:/home/bin1225/ur_ws/install/my_pick_and_place_pkg:/opt/ros/humble /usr/bin/cmake --build /home/bin1225/ur_ws/build/ur_moveit_config -- -j22 -l22
[0.059s] Built target ament_cmake_python_copy_ur_moveit_config
[0.193s] running egg_info
[0.193s] writing ur_moveit_config.egg-info/PKG-INFO
[0.194s] writing dependency_links to ur_moveit_config.egg-info/dependency_links.txt
[0.194s] writing top-level names to ur_moveit_config.egg-info/top_level.txt
[0.195s] reading manifest file 'ur_moveit_config.egg-info/SOURCES.txt'
[0.196s] writing manifest file 'ur_moveit_config.egg-info/SOURCES.txt'
[0.213s] Built target ament_cmake_python_build_ur_moveit_config_egg
[0.218s] Invoked command in '/home/bin1225/ur_ws/build/ur_moveit_config' returned '0': CMAKE_PREFIX_PATH=/home/bin1225/ur_ws/install/ur_description:/home/bin1225/ur_ws/install/ur_moveit_config:/home/bin1225/ur_ws/install/ur_simulation_gz:/home/bin1225/ur_ws/install/robotiq_description:/home/bin1225/ur_ws/install/robotiq_controllers:/home/bin1225/ur_ws/install/my_pick_and_place_pkg:/opt/ros/humble /usr/bin/cmake --build /home/bin1225/ur_ws/build/ur_moveit_config -- -j22 -l22
[0.225s] Invoking command in '/home/bin1225/ur_ws/build/ur_moveit_config': CMAKE_PREFIX_PATH=/home/bin1225/ur_ws/install/ur_description:/home/bin1225/ur_ws/install/ur_moveit_config:/home/bin1225/ur_ws/install/ur_simulation_gz:/home/bin1225/ur_ws/install/robotiq_description:/home/bin1225/ur_ws/install/robotiq_controllers:/home/bin1225/ur_ws/install/my_pick_and_place_pkg:/opt/ros/humble /usr/bin/cmake --install /home/bin1225/ur_ws/build/ur_moveit_config
[0.229s] -- Install configuration: ""
[0.230s] -- Up-to-date: /home/bin1225/ur_ws/install/ur_moveit_config/share/ur_moveit_config/config
[0.230s] -- Up-to-date: /home/bin1225/ur_ws/install/ur_moveit_config/share/ur_moveit_config/config/ompl_planning.yaml
[0.230s] -- Up-to-date: /home/bin1225/ur_ws/install/ur_moveit_config/share/ur_moveit_config/config/ur_servo.yaml
[0.230s] -- Up-to-date: /home/bin1225/ur_ws/install/ur_moveit_config/share/ur_moveit_config/config/kinematics.yaml
[0.230s] -- Up-to-date: /home/bin1225/ur_ws/install/ur_moveit_config/share/ur_moveit_config/config/controllers.yaml
[0.230s] -- Up-to-date: /home/bin1225/ur_ws/install/ur_moveit_config/share/ur_moveit_config/config/joint_limits.yaml
[0.230s] -- Up-to-date: /home/bin1225/ur_ws/install/ur_moveit_config/share/ur_moveit_config/launch
[0.230s] -- Up-to-date: /home/bin1225/ur_ws/install/ur_moveit_config/share/ur_moveit_config/launch/ur_moveit.launch.py
[0.230s] -- Up-to-date: /home/bin1225/ur_ws/install/ur_moveit_config/share/ur_moveit_config/rviz
[0.230s] -- Up-to-date: /home/bin1225/ur_ws/install/ur_moveit_config/share/ur_moveit_config/rviz/view_robot.rviz
[0.230s] -- Up-to-date: /home/bin1225/ur_ws/install/ur_moveit_config/share/ur_moveit_config/srdf
[0.230s] -- Installing: /home/bin1225/ur_ws/install/ur_moveit_config/share/ur_moveit_config/srdf/ur_macro.srdf.xacro
[0.230s] -- Up-to-date: /home/bin1225/ur_ws/install/ur_moveit_config/share/ur_moveit_config/srdf/ur.srdf.xacro
[0.230s] -- Up-to-date: /home/bin1225/ur_ws/install/ur_moveit_config/share/ur_moveit_config/environment/pythonpath.sh
[0.230s] -- Up-to-date: /home/bin1225/ur_ws/install/ur_moveit_config/share/ur_moveit_config/environment/pythonpath.dsv
[0.230s] -- Up-to-date: /home/bin1225/ur_ws/install/ur_moveit_config/local/lib/python3.10/dist-packages/ur_moveit_config-2.6.0-py3.10.egg-info
[0.230s] -- Installing: /home/bin1225/ur_ws/install/ur_moveit_config/local/lib/python3.10/dist-packages/ur_moveit_config-2.6.0-py3.10.egg-info/SOURCES.txt
[0.230s] -- Installing: /home/bin1225/ur_ws/install/ur_moveit_config/local/lib/python3.10/dist-packages/ur_moveit_config-2.6.0-py3.10.egg-info/dependency_links.txt
[0.231s] -- Installing: /home/bin1225/ur_ws/install/ur_moveit_config/local/lib/python3.10/dist-packages/ur_moveit_config-2.6.0-py3.10.egg-info/top_level.txt
[0.231s] -- Installing: /home/bin1225/ur_ws/install/ur_moveit_config/local/lib/python3.10/dist-packages/ur_moveit_config-2.6.0-py3.10.egg-info/PKG-INFO
[0.231s] -- Up-to-date: /home/bin1225/ur_ws/install/ur_moveit_config/local/lib/python3.10/dist-packages/ur_moveit_config
[0.231s] -- Up-to-date: /home/bin1225/ur_ws/install/ur_moveit_config/local/lib/python3.10/dist-packages/ur_moveit_config/launch_common.py
[0.231s] -- Up-to-date: /home/bin1225/ur_ws/install/ur_moveit_config/local/lib/python3.10/dist-packages/ur_moveit_config/__init__.py
[0.248s] Listing '/home/bin1225/ur_ws/install/ur_moveit_config/local/lib/python3.10/dist-packages/ur_moveit_config'...
[0.250s] -- Up-to-date: /home/bin1225/ur_ws/install/ur_moveit_config/local/lib/python3.10/dist-packages/launch_common.py
[0.270s] -- Up-to-date: /home/bin1225/ur_ws/install/ur_moveit_config/share/ament_index/resource_index/package_run_dependencies/ur_moveit_config
[0.270s] -- Up-to-date: /home/bin1225/ur_ws/install/ur_moveit_config/share/ament_index/resource_index/parent_prefix_path/ur_moveit_config
[0.270s] -- Up-to-date: /home/bin1225/ur_ws/install/ur_moveit_config/share/ur_moveit_config/environment/ament_prefix_path.sh
[0.270s] -- Up-to-date: /home/bin1225/ur_ws/install/ur_moveit_config/share/ur_moveit_config/environment/ament_prefix_path.dsv
[0.270s] -- Up-to-date: /home/bin1225/ur_ws/install/ur_moveit_config/share/ur_moveit_config/environment/path.sh
[0.270s] -- Up-to-date: /home/bin1225/ur_ws/install/ur_moveit_config/share/ur_moveit_config/environment/path.dsv
[0.270s] -- Up-to-date: /home/bin1225/ur_ws/install/ur_moveit_config/share/ur_moveit_config/local_setup.bash
[0.270s] -- Up-to-date: /home/bin1225/ur_ws/install/ur_moveit_config/share/ur_moveit_config/local_setup.sh
[0.271s] -- Up-to-date: /home/bin1225/ur_ws/install/ur_moveit_config/share/ur_moveit_config/local_setup.zsh
[0.271s] -- Up-to-date: /home/bin1225/ur_ws/install/ur_moveit_config/share/ur_moveit_config/local_setup.dsv
[0.271s] -- Installing: /home/bin1225/ur_ws/install/ur_moveit_config/share/ur_moveit_config/package.dsv
[0.271s] -- Up-to-date: /home/bin1225/ur_ws/install/ur_moveit_config/share/ament_index/resource_index/packages/ur_moveit_config
[0.271s] -- Up-to-date: /home/bin1225/ur_ws/install/ur_moveit_config/share/ur_moveit_config/cmake/ur_moveit_configConfig.cmake
[0.271s] -- Up-to-date: /home/bin1225/ur_ws/install/ur_moveit_config/share/ur_moveit_config/cmake/ur_moveit_configConfig-version.cmake
[0.272s] -- Up-to-date: /home/bin1225/ur_ws/install/ur_moveit_config/share/ur_moveit_config/package.xml
[0.272s] Invoked command in '/home/bin1225/ur_ws/build/ur_moveit_config' returned '0': CMAKE_PREFIX_PATH=/home/bin1225/ur_ws/install/ur_description:/home/bin1225/ur_ws/install/ur_moveit_config:/home/bin1225/ur_ws/install/ur_simulation_gz:/home/bin1225/ur_ws/install/robotiq_description:/home/bin1225/ur_ws/install/robotiq_controllers:/home/bin1225/ur_ws/install/my_pick_and_place_pkg:/opt/ros/humble /usr/bin/cmake --install /home/bin1225/ur_ws/build/ur_moveit_config
