[0.632s] Invoking command in '/home/bin1225/ur_ws/src/my_pick_and_place_pkg': PYTHONPATH=/home/bin1225/ur_ws/build/my_pick_and_place_pkg/prefix_override:/usr/lib/python3/dist-packages/colcon_core/task/python/colcon_distutils_commands:/home/bin1225/ur_ws/install/my_pick_and_place_pkg/lib/python3.10/site-packages:${PYTHONPATH} /usr/bin/python3 -W ignore:setup.py install is deprecated -W ignore:easy_install command is deprecated setup.py egg_info --egg-base ../../build/my_pick_and_place_pkg build --build-base /home/bin1225/ur_ws/build/my_pick_and_place_pkg/build install --record /home/bin1225/ur_ws/build/my_pick_and_place_pkg/install.log --single-version-externally-managed install_data
[0.798s] running egg_info
[0.802s] writing ../../build/my_pick_and_place_pkg/my_pick_and_place_pkg.egg-info/PKG-INFO
[0.802s] writing dependency_links to ../../build/my_pick_and_place_pkg/my_pick_and_place_pkg.egg-info/dependency_links.txt
[0.803s] writing entry points to ../../build/my_pick_and_place_pkg/my_pick_and_place_pkg.egg-info/entry_points.txt
[0.803s] writing requirements to ../../build/my_pick_and_place_pkg/my_pick_and_place_pkg.egg-info/requires.txt
[0.804s] writing top-level names to ../../build/my_pick_and_place_pkg/my_pick_and_place_pkg.egg-info/top_level.txt
[0.804s] reading manifest file '../../build/my_pick_and_place_pkg/my_pick_and_place_pkg.egg-info/SOURCES.txt'
[0.805s] writing manifest file '../../build/my_pick_and_place_pkg/my_pick_and_place_pkg.egg-info/SOURCES.txt'
[0.805s] running build
[0.805s] running build_py
[0.805s] running install
[0.805s] running install_lib
[0.807s] running install_data
[0.807s] running install_egg_info
[0.808s] removing '/home/bin1225/ur_ws/install/my_pick_and_place_pkg/lib/python3.10/site-packages/my_pick_and_place_pkg-0.0.0-py3.10.egg-info' (and everything under it)
[0.808s] Copying ../../build/my_pick_and_place_pkg/my_pick_and_place_pkg.egg-info to /home/bin1225/ur_ws/install/my_pick_and_place_pkg/lib/python3.10/site-packages/my_pick_and_place_pkg-0.0.0-py3.10.egg-info
[0.809s] running install_scripts
[0.826s] Installing pick_and_place script to /home/bin1225/ur_ws/install/my_pick_and_place_pkg/lib/my_pick_and_place_pkg
[0.826s] writing list of installed files to '/home/bin1225/ur_ws/build/my_pick_and_place_pkg/install.log'
[0.843s] Invoked command in '/home/bin1225/ur_ws/src/my_pick_and_place_pkg' returned '0': PYTHONPATH=/home/bin1225/ur_ws/build/my_pick_and_place_pkg/prefix_override:/usr/lib/python3/dist-packages/colcon_core/task/python/colcon_distutils_commands:/home/bin1225/ur_ws/install/my_pick_and_place_pkg/lib/python3.10/site-packages:${PYTHONPATH} /usr/bin/python3 -W ignore:setup.py install is deprecated -W ignore:easy_install command is deprecated setup.py egg_info --egg-base ../../build/my_pick_and_place_pkg build --build-base /home/bin1225/ur_ws/build/my_pick_and_place_pkg/build install --record /home/bin1225/ur_ws/build/my_pick_and_place_pkg/install.log --single-version-externally-managed install_data
