[0.323s] DEBUG:colcon:Command line arguments: ['/usr/bin/colcon', 'build', '--symlink-install']
[0.324s] DEBUG:colcon:Parsed command line arguments: Namespace(log_base=None, log_level=None, verb_name='build', build_base='build', install_base='install', merge_install=False, symlink_install=True, test_result_base=None, continue_on_error=False, executor='parallel', parallel_workers=22, event_handlers=None, ignore_user_meta=False, metas=['./colcon.meta'], base_paths=['.'], packages_ignore=None, packages_ignore_regex=None, paths=None, packages_up_to=None, packages_up_to_regex=None, packages_above=None, packages_above_and_dependencies=None, packages_above_depth=None, packages_select_by_dep=None, packages_skip_by_dep=None, packages_skip_up_to=None, packages_select_build_failed=False, packages_skip_build_finished=False, packages_select_test_failures=False, packages_skip_test_passed=False, packages_select=None, packages_skip=None, packages_select_regex=None, packages_skip_regex=None, packages_start=None, packages_end=None, allow_overriding=[], cmake_args=None, cmake_target=None, cmake_target_skip_unavailable=False, cmake_clean_cache=False, cmake_clean_first=False, cmake_force_configure=False, ament_cmake_args=None, catkin_cmake_args=None, catkin_skip_building_tests=False, verb_parser=<colcon_defaults.argument_parser.defaults.DefaultArgumentsDecorator object at 0x7f2ab21936a0>, verb_extension=<colcon_core.verb.build.BuildVerb object at 0x7f2ab21930a0>, main=<bound method BuildVerb.main of <colcon_core.verb.build.BuildVerb object at 0x7f2ab21930a0>>)
[0.486s] Level 1:colcon.colcon_core.package_discovery:discover_packages(colcon_meta) check parameters
[0.487s] Level 1:colcon.colcon_core.package_discovery:discover_packages(recursive) check parameters
[0.487s] Level 1:colcon.colcon_core.package_discovery:discover_packages(ignore) check parameters
[0.487s] Level 1:colcon.colcon_core.package_discovery:discover_packages(path) check parameters
[0.487s] Level 1:colcon.colcon_core.package_discovery:discover_packages(colcon_meta) discover
[0.487s] Level 1:colcon.colcon_core.package_discovery:discover_packages(recursive) discover
[0.487s] INFO:colcon.colcon_core.package_discovery:Crawling recursively for packages in '/home/bin1225/ur_ws'
[0.487s] Level 1:colcon.colcon_core.package_identification:_identify(.) by extensions ['ignore', 'ignore_ament_install']
[0.487s] Level 1:colcon.colcon_core.package_identification:_identify(.) by extension 'ignore'
[0.487s] Level 1:colcon.colcon_core.package_identification:_identify(.) by extension 'ignore_ament_install'
[0.487s] Level 1:colcon.colcon_core.package_identification:_identify(.) by extensions ['colcon_pkg']
[0.487s] Level 1:colcon.colcon_core.package_identification:_identify(.) by extension 'colcon_pkg'
[0.487s] Level 1:colcon.colcon_core.package_identification:_identify(.) by extensions ['colcon_meta']
[0.487s] Level 1:colcon.colcon_core.package_identification:_identify(.) by extension 'colcon_meta'
[0.487s] Level 1:colcon.colcon_core.package_identification:_identify(.) by extensions ['ros']
[0.487s] Level 1:colcon.colcon_core.package_identification:_identify(.) by extension 'ros'
[0.500s] Level 1:colcon.colcon_core.package_identification:_identify(.) by extensions ['cmake', 'python']
[0.500s] Level 1:colcon.colcon_core.package_identification:_identify(.) by extension 'cmake'
[0.501s] Level 1:colcon.colcon_core.package_identification:_identify(.) by extension 'python'
[0.501s] Level 1:colcon.colcon_core.package_identification:_identify(.) by extensions ['python_setup_py']
[0.501s] Level 1:colcon.colcon_core.package_identification:_identify(.) by extension 'python_setup_py'
[0.501s] Level 1:colcon.colcon_core.package_identification:_identify(build) by extensions ['ignore', 'ignore_ament_install']
[0.501s] Level 1:colcon.colcon_core.package_identification:_identify(build) by extension 'ignore'
[0.501s] Level 1:colcon.colcon_core.package_identification:_identify(build) ignored
[0.501s] Level 1:colcon.colcon_core.package_identification:_identify(install) by extensions ['ignore', 'ignore_ament_install']
[0.502s] Level 1:colcon.colcon_core.package_identification:_identify(install) by extension 'ignore'
[0.502s] Level 1:colcon.colcon_core.package_identification:_identify(install) ignored
[0.502s] Level 1:colcon.colcon_core.package_identification:_identify(log) by extensions ['ignore', 'ignore_ament_install']
[0.502s] Level 1:colcon.colcon_core.package_identification:_identify(log) by extension 'ignore'
[0.502s] Level 1:colcon.colcon_core.package_identification:_identify(log) ignored
[0.502s] Level 1:colcon.colcon_core.package_identification:_identify(src) by extensions ['ignore', 'ignore_ament_install']
[0.502s] Level 1:colcon.colcon_core.package_identification:_identify(src) by extension 'ignore'
[0.503s] Level 1:colcon.colcon_core.package_identification:_identify(src) by extension 'ignore_ament_install'
[0.503s] Level 1:colcon.colcon_core.package_identification:_identify(src) by extensions ['colcon_pkg']
[0.503s] Level 1:colcon.colcon_core.package_identification:_identify(src) by extension 'colcon_pkg'
[0.503s] Level 1:colcon.colcon_core.package_identification:_identify(src) by extensions ['colcon_meta']
[0.503s] Level 1:colcon.colcon_core.package_identification:_identify(src) by extension 'colcon_meta'
[0.503s] Level 1:colcon.colcon_core.package_identification:_identify(src) by extensions ['ros']
[0.503s] Level 1:colcon.colcon_core.package_identification:_identify(src) by extension 'ros'
[0.503s] Level 1:colcon.colcon_core.package_identification:_identify(src) by extensions ['cmake', 'python']
[0.503s] Level 1:colcon.colcon_core.package_identification:_identify(src) by extension 'cmake'
[0.503s] Level 1:colcon.colcon_core.package_identification:_identify(src) by extension 'python'
[0.503s] Level 1:colcon.colcon_core.package_identification:_identify(src) by extensions ['python_setup_py']
[0.503s] Level 1:colcon.colcon_core.package_identification:_identify(src) by extension 'python_setup_py'
[0.503s] Level 1:colcon.colcon_core.package_identification:_identify(src/my_pick_and_place_pkg) by extensions ['ignore', 'ignore_ament_install']
[0.503s] Level 1:colcon.colcon_core.package_identification:_identify(src/my_pick_and_place_pkg) by extension 'ignore'
[0.503s] Level 1:colcon.colcon_core.package_identification:_identify(src/my_pick_and_place_pkg) by extension 'ignore_ament_install'
[0.503s] Level 1:colcon.colcon_core.package_identification:_identify(src/my_pick_and_place_pkg) by extensions ['colcon_pkg']
[0.503s] Level 1:colcon.colcon_core.package_identification:_identify(src/my_pick_and_place_pkg) by extension 'colcon_pkg'
[0.503s] Level 1:colcon.colcon_core.package_identification:_identify(src/my_pick_and_place_pkg) by extensions ['colcon_meta']
[0.503s] Level 1:colcon.colcon_core.package_identification:_identify(src/my_pick_and_place_pkg) by extension 'colcon_meta'
[0.503s] Level 1:colcon.colcon_core.package_identification:_identify(src/my_pick_and_place_pkg) by extensions ['ros']
[0.503s] Level 1:colcon.colcon_core.package_identification:_identify(src/my_pick_and_place_pkg) by extension 'ros'
[0.506s] DEBUG:colcon.colcon_core.package_identification:Package 'src/my_pick_and_place_pkg' with type 'ros.ament_cmake' and name 'my_pick_and_place_pkg'
[0.506s] Level 1:colcon.colcon_core.package_identification:_identify(src/ur_simulation_gz) by extensions ['ignore', 'ignore_ament_install']
[0.507s] Level 1:colcon.colcon_core.package_identification:_identify(src/ur_simulation_gz) by extension 'ignore'
[0.507s] Level 1:colcon.colcon_core.package_identification:_identify(src/ur_simulation_gz) by extension 'ignore_ament_install'
[0.507s] Level 1:colcon.colcon_core.package_identification:_identify(src/ur_simulation_gz) by extensions ['colcon_pkg']
[0.507s] Level 1:colcon.colcon_core.package_identification:_identify(src/ur_simulation_gz) by extension 'colcon_pkg'
[0.507s] Level 1:colcon.colcon_core.package_identification:_identify(src/ur_simulation_gz) by extensions ['colcon_meta']
[0.507s] Level 1:colcon.colcon_core.package_identification:_identify(src/ur_simulation_gz) by extension 'colcon_meta'
[0.507s] Level 1:colcon.colcon_core.package_identification:_identify(src/ur_simulation_gz) by extensions ['ros']
[0.507s] Level 1:colcon.colcon_core.package_identification:_identify(src/ur_simulation_gz) by extension 'ros'
[0.507s] Level 1:colcon.colcon_core.package_identification:_identify(src/ur_simulation_gz) by extensions ['cmake', 'python']
[0.507s] Level 1:colcon.colcon_core.package_identification:_identify(src/ur_simulation_gz) by extension 'cmake'
[0.507s] Level 1:colcon.colcon_core.package_identification:_identify(src/ur_simulation_gz) by extension 'python'
[0.507s] Level 1:colcon.colcon_core.package_identification:_identify(src/ur_simulation_gz) by extensions ['python_setup_py']
[0.507s] Level 1:colcon.colcon_core.package_identification:_identify(src/ur_simulation_gz) by extension 'python_setup_py'
[0.507s] Level 1:colcon.colcon_core.package_identification:_identify(src/ur_simulation_gz/ur_simulation_gz) by extensions ['ignore', 'ignore_ament_install']
[0.507s] Level 1:colcon.colcon_core.package_identification:_identify(src/ur_simulation_gz/ur_simulation_gz) by extension 'ignore'
[0.507s] Level 1:colcon.colcon_core.package_identification:_identify(src/ur_simulation_gz/ur_simulation_gz) by extension 'ignore_ament_install'
[0.507s] Level 1:colcon.colcon_core.package_identification:_identify(src/ur_simulation_gz/ur_simulation_gz) by extensions ['colcon_pkg']
[0.507s] Level 1:colcon.colcon_core.package_identification:_identify(src/ur_simulation_gz/ur_simulation_gz) by extension 'colcon_pkg'
[0.507s] Level 1:colcon.colcon_core.package_identification:_identify(src/ur_simulation_gz/ur_simulation_gz) by extensions ['colcon_meta']
[0.507s] Level 1:colcon.colcon_core.package_identification:_identify(src/ur_simulation_gz/ur_simulation_gz) by extension 'colcon_meta'
[0.507s] Level 1:colcon.colcon_core.package_identification:_identify(src/ur_simulation_gz/ur_simulation_gz) by extensions ['ros']
[0.507s] Level 1:colcon.colcon_core.package_identification:_identify(src/ur_simulation_gz/ur_simulation_gz) by extension 'ros'
[0.508s] DEBUG:colcon.colcon_core.package_identification:Package 'src/ur_simulation_gz/ur_simulation_gz' with type 'ros.ament_cmake' and name 'ur_simulation_gz'
[0.508s] Level 1:colcon.colcon_core.package_discovery:discover_packages(recursive) using defaults
[0.508s] Level 1:colcon.colcon_core.package_discovery:discover_packages(ignore) discover
[0.508s] Level 1:colcon.colcon_core.package_discovery:discover_packages(ignore) using defaults
[0.508s] Level 1:colcon.colcon_core.package_discovery:discover_packages(path) discover
[0.509s] Level 1:colcon.colcon_core.package_discovery:discover_packages(path) using defaults
[0.530s] Level 1:colcon.colcon_core.package_discovery:discover_packages(prefix_path) check parameters
[0.531s] Level 1:colcon.colcon_core.package_discovery:discover_packages(prefix_path) discover
[0.533s] DEBUG:colcon.colcon_installed_package_information.package_discovery:Found 2 installed packages in /home/bin1225/ur_ws/install
[0.534s] DEBUG:colcon.colcon_installed_package_information.package_discovery:Found 368 installed packages in /opt/ros/humble
[0.546s] Level 1:colcon.colcon_core.package_discovery:discover_packages(prefix_path) using defaults
[0.590s] Level 5:colcon.colcon_core.verb:set package 'my_pick_and_place_pkg' build argument 'cmake_args' from command line to 'None'
[0.590s] Level 5:colcon.colcon_core.verb:set package 'my_pick_and_place_pkg' build argument 'cmake_target' from command line to 'None'
[0.590s] Level 5:colcon.colcon_core.verb:set package 'my_pick_and_place_pkg' build argument 'cmake_target_skip_unavailable' from command line to 'False'
[0.590s] Level 5:colcon.colcon_core.verb:set package 'my_pick_and_place_pkg' build argument 'cmake_clean_cache' from command line to 'False'
[0.590s] Level 5:colcon.colcon_core.verb:set package 'my_pick_and_place_pkg' build argument 'cmake_clean_first' from command line to 'False'
[0.590s] Level 5:colcon.colcon_core.verb:set package 'my_pick_and_place_pkg' build argument 'cmake_force_configure' from command line to 'False'
[0.590s] Level 5:colcon.colcon_core.verb:set package 'my_pick_and_place_pkg' build argument 'ament_cmake_args' from command line to 'None'
[0.590s] Level 5:colcon.colcon_core.verb:set package 'my_pick_and_place_pkg' build argument 'catkin_cmake_args' from command line to 'None'
[0.590s] Level 5:colcon.colcon_core.verb:set package 'my_pick_and_place_pkg' build argument 'catkin_skip_building_tests' from command line to 'False'
[0.590s] DEBUG:colcon.colcon_core.verb:Building package 'my_pick_and_place_pkg' with the following arguments: {'ament_cmake_args': None, 'build_base': '/home/bin1225/ur_ws/build/my_pick_and_place_pkg', 'catkin_cmake_args': None, 'catkin_skip_building_tests': False, 'cmake_args': None, 'cmake_clean_cache': False, 'cmake_clean_first': False, 'cmake_force_configure': False, 'cmake_target': None, 'cmake_target_skip_unavailable': False, 'install_base': '/home/bin1225/ur_ws/install/my_pick_and_place_pkg', 'merge_install': False, 'path': '/home/bin1225/ur_ws/src/my_pick_and_place_pkg', 'symlink_install': True, 'test_result_base': None}
[0.591s] Level 5:colcon.colcon_core.verb:set package 'ur_simulation_gz' build argument 'cmake_args' from command line to 'None'
[0.591s] Level 5:colcon.colcon_core.verb:set package 'ur_simulation_gz' build argument 'cmake_target' from command line to 'None'
[0.591s] Level 5:colcon.colcon_core.verb:set package 'ur_simulation_gz' build argument 'cmake_target_skip_unavailable' from command line to 'False'
[0.591s] Level 5:colcon.colcon_core.verb:set package 'ur_simulation_gz' build argument 'cmake_clean_cache' from command line to 'False'
[0.591s] Level 5:colcon.colcon_core.verb:set package 'ur_simulation_gz' build argument 'cmake_clean_first' from command line to 'False'
[0.591s] Level 5:colcon.colcon_core.verb:set package 'ur_simulation_gz' build argument 'cmake_force_configure' from command line to 'False'
[0.591s] Level 5:colcon.colcon_core.verb:set package 'ur_simulation_gz' build argument 'ament_cmake_args' from command line to 'None'
[0.591s] Level 5:colcon.colcon_core.verb:set package 'ur_simulation_gz' build argument 'catkin_cmake_args' from command line to 'None'
[0.591s] Level 5:colcon.colcon_core.verb:set package 'ur_simulation_gz' build argument 'catkin_skip_building_tests' from command line to 'False'
[0.591s] DEBUG:colcon.colcon_core.verb:Building package 'ur_simulation_gz' with the following arguments: {'ament_cmake_args': None, 'build_base': '/home/bin1225/ur_ws/build/ur_simulation_gz', 'catkin_cmake_args': None, 'catkin_skip_building_tests': False, 'cmake_args': None, 'cmake_clean_cache': False, 'cmake_clean_first': False, 'cmake_force_configure': False, 'cmake_target': None, 'cmake_target_skip_unavailable': False, 'install_base': '/home/bin1225/ur_ws/install/ur_simulation_gz', 'merge_install': False, 'path': '/home/bin1225/ur_ws/src/ur_simulation_gz/ur_simulation_gz', 'symlink_install': True, 'test_result_base': None}
[0.591s] INFO:colcon.colcon_core.executor:Executing jobs using 'parallel' executor
[0.593s] DEBUG:colcon.colcon_parallel_executor.executor.parallel:run_until_complete
[0.594s] INFO:colcon.colcon_ros.task.ament_cmake.build:Building ROS package in '/home/bin1225/ur_ws/src/my_pick_and_place_pkg' with build type 'ament_cmake'
[0.594s] INFO:colcon.colcon_cmake.task.cmake.build:Building CMake package in '/home/bin1225/ur_ws/src/my_pick_and_place_pkg'
[0.598s] INFO:colcon.colcon_core.plugin_system:Skipping extension 'colcon_core.shell.bat': Not used on non-Windows systems
[0.598s] INFO:colcon.colcon_core.shell:Skip shell extension 'powershell' for command environment: Not usable outside of PowerShell
[0.598s] DEBUG:colcon.colcon_core.shell:Skip shell extension 'dsv' for command environment
[0.603s] INFO:colcon.colcon_ros.task.ament_cmake.build:Building ROS package in '/home/bin1225/ur_ws/src/ur_simulation_gz/ur_simulation_gz' with build type 'ament_cmake'
[0.604s] INFO:colcon.colcon_cmake.task.cmake.build:Building CMake package in '/home/bin1225/ur_ws/src/ur_simulation_gz/ur_simulation_gz'
[0.604s] INFO:colcon.colcon_core.shell:Skip shell extension 'powershell' for command environment: Not usable outside of PowerShell
[0.604s] DEBUG:colcon.colcon_core.shell:Skip shell extension 'dsv' for command environment
[0.627s] DEBUG:colcon.colcon_core.event_handler.log_command:Invoking command in '/home/bin1225/ur_ws/build/my_pick_and_place_pkg': CMAKE_PREFIX_PATH=${CMAKE_PREFIX_PATH}:/opt/ros/humble /usr/bin/cmake --build /home/bin1225/ur_ws/build/my_pick_and_place_pkg -- -j22 -l22
[0.637s] DEBUG:colcon.colcon_core.event_handler.log_command:Invoking command in '/home/bin1225/ur_ws/build/ur_simulation_gz': CMAKE_PREFIX_PATH=${CMAKE_PREFIX_PATH}:/opt/ros/humble /usr/bin/cmake --build /home/bin1225/ur_ws/build/ur_simulation_gz -- -j22 -l22
[0.666s] DEBUG:colcon.colcon_core.event_handler.log_command:Invoked command in '/home/bin1225/ur_ws/build/my_pick_and_place_pkg' returned '0': CMAKE_PREFIX_PATH=${CMAKE_PREFIX_PATH}:/opt/ros/humble /usr/bin/cmake --build /home/bin1225/ur_ws/build/my_pick_and_place_pkg -- -j22 -l22
[0.677s] DEBUG:colcon.colcon_core.event_handler.log_command:Invoking command in '/home/bin1225/ur_ws/build/my_pick_and_place_pkg': CMAKE_PREFIX_PATH=${CMAKE_PREFIX_PATH}:/opt/ros/humble /usr/bin/cmake --install /home/bin1225/ur_ws/build/my_pick_and_place_pkg
[0.681s] DEBUG:colcon.colcon_core.event_handler.log_command:Invoked command in '/home/bin1225/ur_ws/build/ur_simulation_gz' returned '0': CMAKE_PREFIX_PATH=${CMAKE_PREFIX_PATH}:/opt/ros/humble /usr/bin/cmake --build /home/bin1225/ur_ws/build/ur_simulation_gz -- -j22 -l22
[0.682s] DEBUG:colcon.colcon_core.event_handler.log_command:Invoking command in '/home/bin1225/ur_ws/build/ur_simulation_gz': CMAKE_PREFIX_PATH=${CMAKE_PREFIX_PATH}:/opt/ros/humble /usr/bin/cmake --install /home/bin1225/ur_ws/build/ur_simulation_gz
[0.702s] Level 1:colcon.colcon_core.environment:create_environment_scripts_only(my_pick_and_place_pkg)
[0.705s] DEBUG:colcon.colcon_core.event_handler.log_command:Invoked command in '/home/bin1225/ur_ws/build/my_pick_and_place_pkg' returned '0': CMAKE_PREFIX_PATH=${CMAKE_PREFIX_PATH}:/opt/ros/humble /usr/bin/cmake --install /home/bin1225/ur_ws/build/my_pick_and_place_pkg
[0.707s] Level 1:colcon.colcon_core.environment:checking '/home/bin1225/ur_ws/install/my_pick_and_place_pkg' for CMake module files
[0.708s] Level 1:colcon.colcon_core.environment:checking '/home/bin1225/ur_ws/install/my_pick_and_place_pkg' for CMake config files
[0.708s] Level 1:colcon.colcon_core.shell:create_environment_hook('my_pick_and_place_pkg', 'cmake_prefix_path')
[0.709s] INFO:colcon.colcon_core.shell:Creating environment hook '/home/bin1225/ur_ws/install/my_pick_and_place_pkg/share/my_pick_and_place_pkg/hook/cmake_prefix_path.ps1'
[0.714s] INFO:colcon.colcon_core.shell:Creating environment descriptor '/home/bin1225/ur_ws/install/my_pick_and_place_pkg/share/my_pick_and_place_pkg/hook/cmake_prefix_path.dsv'
[0.715s] INFO:colcon.colcon_core.shell:Creating environment hook '/home/bin1225/ur_ws/install/my_pick_and_place_pkg/share/my_pick_and_place_pkg/hook/cmake_prefix_path.sh'
[0.716s] Level 1:colcon.colcon_core.environment:checking '/home/bin1225/ur_ws/install/my_pick_and_place_pkg/bin'
[0.717s] Level 1:colcon.colcon_core.environment:checking '/home/bin1225/ur_ws/install/my_pick_and_place_pkg/lib/pkgconfig/my_pick_and_place_pkg.pc'
[0.717s] Level 1:colcon.colcon_core.environment:checking '/home/bin1225/ur_ws/install/my_pick_and_place_pkg/lib/python3.10/site-packages'
[0.717s] Level 1:colcon.colcon_core.environment:checking '/home/bin1225/ur_ws/install/my_pick_and_place_pkg/bin'
[0.718s] INFO:colcon.colcon_core.shell:Creating package script '/home/bin1225/ur_ws/install/my_pick_and_place_pkg/share/my_pick_and_place_pkg/package.ps1'
[0.719s] INFO:colcon.colcon_core.shell:Creating package descriptor '/home/bin1225/ur_ws/install/my_pick_and_place_pkg/share/my_pick_and_place_pkg/package.dsv'
[0.720s] INFO:colcon.colcon_core.shell:Creating package script '/home/bin1225/ur_ws/install/my_pick_and_place_pkg/share/my_pick_and_place_pkg/package.sh'
[0.721s] INFO:colcon.colcon_core.shell:Creating package script '/home/bin1225/ur_ws/install/my_pick_and_place_pkg/share/my_pick_and_place_pkg/package.bash'
[0.722s] INFO:colcon.colcon_core.shell:Creating package script '/home/bin1225/ur_ws/install/my_pick_and_place_pkg/share/my_pick_and_place_pkg/package.zsh'
[0.723s] Level 1:colcon.colcon_core.environment:create_file_with_runtime_dependencies(/home/bin1225/ur_ws/install/my_pick_and_place_pkg/share/colcon-core/packages/my_pick_and_place_pkg)
[0.723s] Level 1:colcon.colcon_core.environment:create_environment_scripts_only(my_pick_and_place_pkg)
[0.724s] Level 1:colcon.colcon_core.environment:checking '/home/bin1225/ur_ws/install/my_pick_and_place_pkg' for CMake module files
[0.724s] Level 1:colcon.colcon_core.environment:checking '/home/bin1225/ur_ws/install/my_pick_and_place_pkg' for CMake config files
[0.725s] Level 1:colcon.colcon_core.shell:create_environment_hook('my_pick_and_place_pkg', 'cmake_prefix_path')
[0.725s] INFO:colcon.colcon_core.shell:Creating environment hook '/home/bin1225/ur_ws/install/my_pick_and_place_pkg/share/my_pick_and_place_pkg/hook/cmake_prefix_path.ps1'
[0.726s] INFO:colcon.colcon_core.shell:Creating environment descriptor '/home/bin1225/ur_ws/install/my_pick_and_place_pkg/share/my_pick_and_place_pkg/hook/cmake_prefix_path.dsv'
[0.726s] INFO:colcon.colcon_core.shell:Creating environment hook '/home/bin1225/ur_ws/install/my_pick_and_place_pkg/share/my_pick_and_place_pkg/hook/cmake_prefix_path.sh'
[0.727s] Level 1:colcon.colcon_core.environment:checking '/home/bin1225/ur_ws/install/my_pick_and_place_pkg/bin'
[0.728s] Level 1:colcon.colcon_core.environment:checking '/home/bin1225/ur_ws/install/my_pick_and_place_pkg/lib/pkgconfig/my_pick_and_place_pkg.pc'
[0.728s] Level 1:colcon.colcon_core.environment:checking '/home/bin1225/ur_ws/install/my_pick_and_place_pkg/lib/python3.10/site-packages'
[0.729s] Level 1:colcon.colcon_core.environment:checking '/home/bin1225/ur_ws/install/my_pick_and_place_pkg/bin'
[0.730s] INFO:colcon.colcon_core.shell:Creating package script '/home/bin1225/ur_ws/install/my_pick_and_place_pkg/share/my_pick_and_place_pkg/package.ps1'
[0.730s] INFO:colcon.colcon_core.shell:Creating package descriptor '/home/bin1225/ur_ws/install/my_pick_and_place_pkg/share/my_pick_and_place_pkg/package.dsv'
[0.731s] INFO:colcon.colcon_core.shell:Creating package script '/home/bin1225/ur_ws/install/my_pick_and_place_pkg/share/my_pick_and_place_pkg/package.sh'
[0.732s] INFO:colcon.colcon_core.shell:Creating package script '/home/bin1225/ur_ws/install/my_pick_and_place_pkg/share/my_pick_and_place_pkg/package.bash'
[0.732s] INFO:colcon.colcon_core.shell:Creating package script '/home/bin1225/ur_ws/install/my_pick_and_place_pkg/share/my_pick_and_place_pkg/package.zsh'
[0.733s] Level 1:colcon.colcon_core.environment:create_file_with_runtime_dependencies(/home/bin1225/ur_ws/install/my_pick_and_place_pkg/share/colcon-core/packages/my_pick_and_place_pkg)
[0.735s] Level 1:colcon.colcon_core.environment:create_environment_scripts_only(ur_simulation_gz)
[0.736s] Level 1:colcon.colcon_core.environment:checking '/home/bin1225/ur_ws/install/ur_simulation_gz' for CMake module files
[0.737s] DEBUG:colcon.colcon_core.event_handler.log_command:Invoked command in '/home/bin1225/ur_ws/build/ur_simulation_gz' returned '0': CMAKE_PREFIX_PATH=${CMAKE_PREFIX_PATH}:/opt/ros/humble /usr/bin/cmake --install /home/bin1225/ur_ws/build/ur_simulation_gz
[0.737s] Level 1:colcon.colcon_core.environment:checking '/home/bin1225/ur_ws/install/ur_simulation_gz' for CMake config files
[0.738s] Level 1:colcon.colcon_core.shell:create_environment_hook('ur_simulation_gz', 'cmake_prefix_path')
[0.738s] INFO:colcon.colcon_core.shell:Creating environment hook '/home/bin1225/ur_ws/install/ur_simulation_gz/share/ur_simulation_gz/hook/cmake_prefix_path.ps1'
[0.738s] INFO:colcon.colcon_core.shell:Creating environment descriptor '/home/bin1225/ur_ws/install/ur_simulation_gz/share/ur_simulation_gz/hook/cmake_prefix_path.dsv'
[0.739s] INFO:colcon.colcon_core.shell:Creating environment hook '/home/bin1225/ur_ws/install/ur_simulation_gz/share/ur_simulation_gz/hook/cmake_prefix_path.sh'
[0.740s] Level 1:colcon.colcon_core.environment:checking '/home/bin1225/ur_ws/install/ur_simulation_gz/bin'
[0.740s] Level 1:colcon.colcon_core.environment:checking '/home/bin1225/ur_ws/install/ur_simulation_gz/lib/pkgconfig/ur_simulation_gz.pc'
[0.740s] Level 1:colcon.colcon_core.environment:checking '/home/bin1225/ur_ws/install/ur_simulation_gz/lib/python3.10/site-packages'
[0.740s] Level 1:colcon.colcon_core.environment:checking '/home/bin1225/ur_ws/install/ur_simulation_gz/bin'
[0.741s] INFO:colcon.colcon_core.shell:Creating package script '/home/bin1225/ur_ws/install/ur_simulation_gz/share/ur_simulation_gz/package.ps1'
[0.741s] INFO:colcon.colcon_core.shell:Creating package descriptor '/home/bin1225/ur_ws/install/ur_simulation_gz/share/ur_simulation_gz/package.dsv'
[0.742s] INFO:colcon.colcon_core.shell:Creating package script '/home/bin1225/ur_ws/install/ur_simulation_gz/share/ur_simulation_gz/package.sh'
[0.743s] INFO:colcon.colcon_core.shell:Creating package script '/home/bin1225/ur_ws/install/ur_simulation_gz/share/ur_simulation_gz/package.bash'
[0.744s] INFO:colcon.colcon_core.shell:Creating package script '/home/bin1225/ur_ws/install/ur_simulation_gz/share/ur_simulation_gz/package.zsh'
[0.744s] Level 1:colcon.colcon_core.environment:create_file_with_runtime_dependencies(/home/bin1225/ur_ws/install/ur_simulation_gz/share/colcon-core/packages/ur_simulation_gz)
[0.744s] Level 1:colcon.colcon_core.environment:create_environment_scripts_only(ur_simulation_gz)
[0.745s] Level 1:colcon.colcon_core.environment:checking '/home/bin1225/ur_ws/install/ur_simulation_gz' for CMake module files
[0.745s] Level 1:colcon.colcon_core.environment:checking '/home/bin1225/ur_ws/install/ur_simulation_gz' for CMake config files
[0.745s] Level 1:colcon.colcon_core.shell:create_environment_hook('ur_simulation_gz', 'cmake_prefix_path')
[0.746s] INFO:colcon.colcon_core.shell:Creating environment hook '/home/bin1225/ur_ws/install/ur_simulation_gz/share/ur_simulation_gz/hook/cmake_prefix_path.ps1'
[0.746s] INFO:colcon.colcon_core.shell:Creating environment descriptor '/home/bin1225/ur_ws/install/ur_simulation_gz/share/ur_simulation_gz/hook/cmake_prefix_path.dsv'
[0.747s] INFO:colcon.colcon_core.shell:Creating environment hook '/home/bin1225/ur_ws/install/ur_simulation_gz/share/ur_simulation_gz/hook/cmake_prefix_path.sh'
[0.748s] Level 1:colcon.colcon_core.environment:checking '/home/bin1225/ur_ws/install/ur_simulation_gz/bin'
[0.748s] Level 1:colcon.colcon_core.environment:checking '/home/bin1225/ur_ws/install/ur_simulation_gz/lib/pkgconfig/ur_simulation_gz.pc'
[0.748s] Level 1:colcon.colcon_core.environment:checking '/home/bin1225/ur_ws/install/ur_simulation_gz/lib/python3.10/site-packages'
[0.749s] Level 1:colcon.colcon_core.environment:checking '/home/bin1225/ur_ws/install/ur_simulation_gz/bin'
[0.749s] INFO:colcon.colcon_core.shell:Creating package script '/home/bin1225/ur_ws/install/ur_simulation_gz/share/ur_simulation_gz/package.ps1'
[0.750s] INFO:colcon.colcon_core.shell:Creating package descriptor '/home/bin1225/ur_ws/install/ur_simulation_gz/share/ur_simulation_gz/package.dsv'
[0.751s] INFO:colcon.colcon_core.shell:Creating package script '/home/bin1225/ur_ws/install/ur_simulation_gz/share/ur_simulation_gz/package.sh'
[0.751s] INFO:colcon.colcon_core.shell:Creating package script '/home/bin1225/ur_ws/install/ur_simulation_gz/share/ur_simulation_gz/package.bash'
[0.752s] INFO:colcon.colcon_core.shell:Creating package script '/home/bin1225/ur_ws/install/ur_simulation_gz/share/ur_simulation_gz/package.zsh'
[0.752s] Level 1:colcon.colcon_core.environment:create_file_with_runtime_dependencies(/home/bin1225/ur_ws/install/ur_simulation_gz/share/colcon-core/packages/ur_simulation_gz)
[0.752s] DEBUG:colcon.colcon_parallel_executor.executor.parallel:closing loop
[0.753s] DEBUG:colcon.colcon_parallel_executor.executor.parallel:loop closed
[0.753s] DEBUG:colcon.colcon_parallel_executor.executor.parallel:run_until_complete finished with '0'
[0.753s] DEBUG:colcon.colcon_core.event_reactor:joining thread
[0.824s] INFO:colcon.colcon_core.plugin_system:Skipping extension 'colcon_notification.desktop_notification.notify_send': Could not find 'notify-send'
[0.825s] INFO:colcon.colcon_core.plugin_system:Skipping extension 'colcon_notification.desktop_notification.terminal_notifier': Not used on non-Darwin systems
[0.825s] INFO:colcon.colcon_core.plugin_system:Skipping extension 'colcon_notification.desktop_notification.win32': Not used on non-Windows systems
[0.825s] INFO:colcon.colcon_notification.desktop_notification:Sending desktop notification using 'notify2'
[0.826s] DEBUG:colcon.colcon_notification.desktop_notification.notify2:Failed to initialize notify2: org.freedesktop.DBus.Error.FileNotFound: Failed to connect to socket /run/user/1000/bus: No such file or directory
[0.826s] DEBUG:colcon.colcon_core.event_reactor:joined thread
[0.827s] INFO:colcon.colcon_core.shell:Creating prefix script '/home/bin1225/ur_ws/install/local_setup.ps1'
[0.829s] INFO:colcon.colcon_core.shell:Creating prefix util module '/home/bin1225/ur_ws/install/_local_setup_util_ps1.py'
[0.830s] INFO:colcon.colcon_core.shell:Creating prefix chain script '/home/bin1225/ur_ws/install/setup.ps1'
[0.832s] INFO:colcon.colcon_core.shell:Creating prefix script '/home/bin1225/ur_ws/install/local_setup.sh'
[0.833s] INFO:colcon.colcon_core.shell:Creating prefix util module '/home/bin1225/ur_ws/install/_local_setup_util_sh.py'
[0.833s] INFO:colcon.colcon_core.shell:Creating prefix chain script '/home/bin1225/ur_ws/install/setup.sh'
[0.835s] INFO:colcon.colcon_core.shell:Creating prefix script '/home/bin1225/ur_ws/install/local_setup.bash'
[0.835s] INFO:colcon.colcon_core.shell:Creating prefix chain script '/home/bin1225/ur_ws/install/setup.bash'
[0.836s] INFO:colcon.colcon_core.shell:Creating prefix script '/home/bin1225/ur_ws/install/local_setup.zsh'
[0.837s] INFO:colcon.colcon_core.shell:Creating prefix chain script '/home/bin1225/ur_ws/install/setup.zsh'
