[0.042s] Invoking command in '/home/bin1225/ur_ws/build/robotiq_driver': CMAKE_PREFIX_PATH=${CMAKE_PREFIX_PATH}:/opt/ros/humble /usr/bin/cmake /home/bin1225/ur_ws/src/ros2_robotiq_gripper/robotiq_driver -DCMAKE_INSTALL_PREFIX=/home/bin1225/ur_ws/install/robotiq_driver
[0.107s] -- Found ament_cmake: 1.3.11 (/opt/ros/humble/share/ament_cmake/cmake)
[0.324s] -- Found hardware_interface: 2.49.0 (/opt/ros/humble/share/hardware_interface/cmake)
[0.509s] -- Found rosidl_generator_c: 3.1.6 (/opt/ros/humble/share/rosidl_generator_c/cmake)
[0.515s] -- Found rosidl_adapter: 3.1.6 (/opt/ros/humble/share/rosidl_adapter/cmake)
[0.531s] -- Found rosidl_generator_cpp: 3.1.6 (/opt/ros/humble/share/rosidl_generator_cpp/cmake)
[0.550s] -- Using all available rosidl_typesupport_c: rosidl_typesupport_fastrtps_c;rosidl_typesupport_introspection_c
[0.577s] -- Using all available rosidl_typesupport_cpp: rosidl_typesupport_fastrtps_cpp;rosidl_typesupport_introspection_cpp
[2.486s] -- Found rmw_implementation_cmake: 6.1.2 (/opt/ros/humble/share/rmw_implementation_cmake/cmake)
[2.490s] -- Found rmw_fastrtps_cpp: 6.2.7 (/opt/ros/humble/share/rmw_fastrtps_cpp/cmake)
[2.528s] -- Found TinyXML2 via Config file: TinyXML2_DIR-NOTFOUND
[2.544s] -- Found TinyXML2 via Config file: TinyXML2_DIR-NOTFOUND
[2.648s] -- Found TinyXML2 via Config file: TinyXML2_DIR-NOTFOUND
[2.658s] -- Found TinyXML2 via Config file: TinyXML2_DIR-NOTFOUND
[2.720s] -- Using RMW implementation 'rmw_fastrtps_cpp' as default
[4.382s] [31mCMake Error at CMakeLists.txt:18 (find_package):
[4.382s]   By not providing "Findserial.cmake" in CMAKE_MODULE_PATH this project has
[4.382s]   asked CMake to find a package configuration file provided by "serial", but
[4.383s]   CMake did not find one.
[4.383s] 
[4.383s]   Could not find a package configuration file provided by "serial" with any
[4.383s]   of the following names:
[4.383s] 
[4.383s]     serialConfig.cmake
[4.383s]     serial-config.cmake
[4.383s] 
[4.384s]   Add the installation prefix of "serial" to CMAKE_PREFIX_PATH or set
[4.384s]   "serial_DIR" to a directory containing one of the above files.  If "serial"
[4.384s]   provides a separate development package or SDK, be sure it has been
[4.384s]   installed.
[4.384s] 
[4.384s] [0m
[4.390s] -- Configuring incomplete, errors occurred!
[4.390s] See also "/home/bin1225/ur_ws/build/robotiq_driver/CMakeFiles/CMakeOutput.log".
[4.408s] Invoked command in '/home/bin1225/ur_ws/build/robotiq_driver' returned '1': CMAKE_PREFIX_PATH=${CMAKE_PREFIX_PATH}:/opt/ros/humble /usr/bin/cmake /home/bin1225/ur_ws/src/ros2_robotiq_gripper/robotiq_driver -DCMAKE_INSTALL_PREFIX=/home/bin1225/ur_ws/install/robotiq_driver
